Vivado Simulator 2016.3
Copyright 1986-1999, 2001-2016 Xilinx, Inc. All Rights Reserved.
Running: D:/Vivado/Vivado/2016.3/bin/unwrapped/win64.o/xelab.exe -wto a0cc8489957e4fac8d130c3d5416bd2c --debug typical --relax --mt 2 -L xil_defaultlib -L unisims_ver -L unimacro_ver -L secureip --snapshot test_behav xil_defaultlib.test xil_defaultlib.glbl -log elaborate.log 
Using 2 slave threads.
Starting static elaboration
WARNING: [VRFC 10-278] actual bit length 16 differs from formal bit length 11 for port immediate [C:/Users/admin/Desktop/CPU/MonoCycleCPU/MonoCycleCPU.srcs/sources_1/new/MonoCycleCPU.v:41]
Completed static elaboration
Starting simulation data flow analysis
Completed simulation data flow analysis
Time Resolution for simulation is 1ps
Compiling module xil_defaultlib.PC
Compiling module xil_defaultlib.ALU
Compiling module xil_defaultlib.ControlUnit
Compiling module xil_defaultlib.DataMemory
Compiling module xil_defaultlib.InstructionMemory
Compiling module xil_defaultlib.RegisterFile
Compiling module xil_defaultlib.SignZeroExtend
Compiling module xil_defaultlib.MonoCycleCPU
Compiling module xil_defaultlib.test
Compiling module xil_defaultlib.glbl
Built simulation snapshot test_behav
