INFO: [VRFC 10-2263] Analyzing Verilog file "C:/Users/admin/Desktop/CPU/basy3-version/MonoCycleCPU/MonoCycleCPU.sim/sim_1/impl/timing/test_time_impl.v" into library xil_defaultlib
INFO: [VRFC 10-311] analyzing module RAM32M_UNIQ_BASE_
INFO: [VRFC 10-311] analyzing module RAM32M_HD1
INFO: [VRFC 10-311] analyzing module RAM32M_HD2
INFO: [VRFC 10-311] analyzing module RAM32M_HD3
INFO: [VRFC 10-311] analyzing module RAM32M_HD4
INFO: [VRFC 10-311] analyzing module RAM32M_HD5
INFO: [VRFC 10-311] analyzing module ALU
INFO: [VRFC 10-311] analyzing module DataMemory
INFO: [VRFC 10-311] analyzing module DisplaySelect
INFO: [VRFC 10-311] analyzing module MonoCycleCPU
INFO: [VRFC 10-311] analyzing module PC
INFO: [VRFC 10-311] analyzing module RegisterFile
INFO: [VRFC 10-311] analyzing module glbl
INFO: [VRFC 10-2263] Analyzing Verilog file "C:/Users/admin/Desktop/CPU/basy3-version/MonoCycleCPU/MonoCycleCPU.srcs/sources_1/new/SignZeroExtend.v" into library xil_defaultlib
INFO: [VRFC 10-311] analyzing module SignZeroExtend
INFO: [VRFC 10-2263] Analyzing Verilog file "C:/Users/admin/Desktop/CPU/basy3-version/MonoCycleCPU/MonoCycleCPU.srcs/sources_1/new/RegisterFile.v" into library xil_defaultlib
INFO: [VRFC 10-311] analyzing module RegisterFile
WARNING: [VRFC 10-1195] overwriting previous definition of module RegisterFile [C:/Users/admin/Desktop/CPU/basy3-version/MonoCycleCPU/MonoCycleCPU.srcs/sources_1/new/RegisterFile.v:23]
INFO: [VRFC 10-2263] Analyzing Verilog file "C:/Users/admin/Desktop/CPU/basy3-version/MonoCycleCPU/MonoCycleCPU.srcs/sources_1/new/PC.v" into library xil_defaultlib
INFO: [VRFC 10-311] analyzing module PC
WARNING: [VRFC 10-1195] overwriting previous definition of module PC [C:/Users/admin/Desktop/CPU/basy3-version/MonoCycleCPU/MonoCycleCPU.srcs/sources_1/new/PC.v:22]
INFO: [VRFC 10-2263] Analyzing Verilog file "C:/Users/admin/Desktop/CPU/basy3-version/MonoCycleCPU/MonoCycleCPU.srcs/sources_1/new/InstructionMemory.v" into library xil_defaultlib
INFO: [VRFC 10-311] analyzing module InstructionMemory
INFO: [VRFC 10-2263] Analyzing Verilog file "C:/Users/admin/Desktop/CPU/basy3-version/MonoCycleCPU/MonoCycleCPU.srcs/sources_1/new/DataMemory.v" into library xil_defaultlib
INFO: [VRFC 10-311] analyzing module DataMemory
WARNING: [VRFC 10-1195] overwriting previous definition of module DataMemory [C:/Users/admin/Desktop/CPU/basy3-version/MonoCycleCPU/MonoCycleCPU.srcs/sources_1/new/DataMemory.v:23]
INFO: [VRFC 10-2263] Analyzing Verilog file "C:/Users/admin/Desktop/CPU/basy3-version/MonoCycleCPU/MonoCycleCPU.srcs/sources_1/new/ControlUnit.v" into library xil_defaultlib
INFO: [VRFC 10-311] analyzing module ControlUnit
INFO: [VRFC 10-2263] Analyzing Verilog file "C:/Users/admin/Desktop/CPU/basy3-version/MonoCycleCPU/MonoCycleCPU.srcs/sources_1/new/ALU.v" into library xil_defaultlib
INFO: [VRFC 10-311] analyzing module ALU
WARNING: [VRFC 10-1195] overwriting previous definition of module ALU [C:/Users/admin/Desktop/CPU/basy3-version/MonoCycleCPU/MonoCycleCPU.srcs/sources_1/new/ALU.v:25]
INFO: [VRFC 10-2263] Analyzing Verilog file "C:/Users/admin/Desktop/CPU/basy3-version/MonoCycleCPU/MonoCycleCPU.srcs/sources_1/new/MonoCycleCPU.v" into library xil_defaultlib
INFO: [VRFC 10-311] analyzing module MonoCycleCPU
WARNING: [VRFC 10-1195] overwriting previous definition of module MonoCycleCPU [C:/Users/admin/Desktop/CPU/basy3-version/MonoCycleCPU/MonoCycleCPU.srcs/sources_1/new/MonoCycleCPU.v:23]
INFO: [VRFC 10-2263] Analyzing Verilog file "C:/Users/admin/Desktop/CPU/basy3-version/MonoCycleCPU/MonoCycleCPU.srcs/sim_1/new/test.v" into library xil_defaultlib
INFO: [VRFC 10-311] analyzing module test
