#-----------------------------------------------------------
# Vivado v2016.3 (64-bit)
# SW Build 1682563 on Mon Oct 10 19:07:27 MDT 2016
# IP Build 1681267 on Mon Oct 10 21:28:31 MDT 2016
# Start of session at: Sat Jun 23 15:14:46 2018
# Process ID: 10040
# Current directory: C:/Users/admin/Desktop/大二下/专必/计组实验/实验二单周期cpu/作业/ECOP-16340085-02/basy3-version/MonoCycleCPU
# Command line: vivado.exe -gui_launcher_event rodinguilauncherevent7548 C:\Users\admin\Desktop\大二下\专必\计组实验\实验二单周期cpu\作业\ECOP-16340085-02\basy3-version\MonoCycleCPU\MonoCycleCPU.xpr
# Log file: C:/Users/admin/Desktop/大二下/专必/计组实验/实验二单周期cpu/作业/ECOP-16340085-02/basy3-version/MonoCycleCPU/vivado.log
# Journal file: C:/Users/admin/Desktop/大二下/专必/计组实验/实验二单周期cpu/作业/ECOP-16340085-02/basy3-version/MonoCycleCPU\vivado.jou
#-----------------------------------------------------------
start_gui
open_project C:/Users/admin/Desktop/大二下/专必/计组实验/实验二单周期cpu/作业/ECOP-16340085-02/basy3-version/MonoCycleCPU/MonoCycleCPU.xpr
INFO: [ProjectBase 1-489] The host OS only allows 260 characters in a normal path. The project is stored in a path with more than 80 characters. If you experience issues with IP, Block Designs, or files not being found, please consider moving the project to a location with a shorter path. Alternately consider using the OS subst command to map part of the path to a drive letter.
Current project path is 'C:/Users/admin/Desktop/大二下/专必/计组实验/实验二单周期cpu/作业/ECOP-16340085-02/basy3-version/MonoCycleCPU'
INFO: [Project 1-313] Project file moved from 'C:/Users/admin/Desktop/CPU/basy3-version/MonoCycleCPU' since last save.
Scanning sources...
Finished scanning sources
WARNING: [filemgmt 56-2] IP Output Repository Path: Could not find the directory 'C:/Users/admin/Desktop/大二下/专必/计组实验/实验二单周期cpu/作业/ECOP-16340085-02/basy3-version/MonoCycleCPU/MonoCycleCPU.cache/ip', nor could it be found using path 'C:/Users/admin/Desktop/CPU/basy3-version/MonoCycleCPU/MonoCycleCPU.cache/ip'.
INFO: [IP_Flow 19-234] Refreshing IP repositories
INFO: [IP_Flow 19-1704] No user IP repositories specified
INFO: [IP_Flow 19-2313] Loaded Vivado IP repository 'D:/Vivado/Vivado/2016.3/data/ip'.
open_project: Time (s): cpu = 00:00:13 ; elapsed = 00:00:25 . Memory (MB): peak = 719.598 ; gain = 114.785
open_run impl_1
INFO: [Netlist 29-17] Analyzing 35 Unisim elements for replacement
INFO: [Netlist 29-28] Unisim Transformation completed in 1 CPU seconds
INFO: [Project 1-479] Netlist was created with Vivado 2016.3
INFO: [Device 21-403] Loading part xc7a35tcpg236-1
INFO: [Project 1-570] Preparing netlist for logic optimization
Parsing XDC File [C:/Users/admin/Desktop/大二下/专必/计组实验/实验二单周期cpu/作业/ECOP-16340085-02/basy3-version/MonoCycleCPU/.Xil/Vivado-10040-DESKTOP-MB53OH4/dcp/DisplaySelect.xdc]
Finished Parsing XDC File [C:/Users/admin/Desktop/大二下/专必/计组实验/实验二单周期cpu/作业/ECOP-16340085-02/basy3-version/MonoCycleCPU/.Xil/Vivado-10040-DESKTOP-MB53OH4/dcp/DisplaySelect.xdc]
Reading XDEF placement.
Reading placer database...
Reading XDEF routing.
Read XDEF File: Time (s): cpu = 00:00:00 ; elapsed = 00:00:00.219 . Memory (MB): peak = 921.184 ; gain = 1.746
Restored from archive | CPU: 0.000000 secs | Memory: 0.000000 MB |
Finished XDEF File Restore: Time (s): cpu = 00:00:00 ; elapsed = 00:00:00.219 . Memory (MB): peak = 921.184 ; gain = 1.746
INFO: [Project 1-111] Unisim Transformation Summary:
  A total of 6 instances were transformed.
  RAM32M => RAM32M (RAMS32, RAMS32, RAMD32, RAMD32, RAMD32, RAMD32, RAMD32, RAMD32): 6 instances

open_run: Time (s): cpu = 00:00:21 ; elapsed = 00:00:38 . Memory (MB): peak = 1039.785 ; gain = 311.652
open_report: Time (s): cpu = 00:00:11 ; elapsed = 00:00:06 . Memory (MB): peak = 1074.555 ; gain = 34.188
WARNING: [Timing 38-313] There are no user specified timing constraints. Timing constraints are needed for proper timing analysis.
exit
INFO: [Common 17-206] Exiting Vivado at Sat Jun 23 15:19:07 2018...
