#-----------------------------------------------------------
# Vivado v2016.3 (64-bit)
# SW Build 1682563 on Mon Oct 10 19:07:27 MDT 2016
# IP Build 1681267 on Mon Oct 10 21:28:31 MDT 2016
# Start of session at: Fri May 25 09:08:38 2018
# Process ID: 3572
# Current directory: C:/Users/admin/Desktop/CPU/basy3-version/MonoCycleCPU
# Command line: vivado.exe -gui_launcher_event rodinguilauncherevent14480 C:\Users\admin\Desktop\CPU\basy3-version\MonoCycleCPU\MonoCycleCPU.xpr
# Log file: C:/Users/admin/Desktop/CPU/basy3-version/MonoCycleCPU/vivado.log
# Journal file: C:/Users/admin/Desktop/CPU/basy3-version/MonoCycleCPU\vivado.jou
#-----------------------------------------------------------
start_gui
open_project C:/Users/admin/Desktop/CPU/basy3-version/MonoCycleCPU/MonoCycleCPU.xpr
Scanning sources...
Finished scanning sources
WARNING: [filemgmt 56-3] IP Output Repository Path: Could not find the directory 'C:/Users/admin/Desktop/CPU/basy3-version/MonoCycleCPU/MonoCycleCPU.cache/ip'.
INFO: [IP_Flow 19-234] Refreshing IP repositories
INFO: [IP_Flow 19-1704] No user IP repositories specified
INFO: [IP_Flow 19-2313] Loaded Vivado IP repository 'D:/Vivado/Vivado/2016.3/data/ip'.
open_project: Time (s): cpu = 00:00:19 ; elapsed = 00:00:26 . Memory (MB): peak = 714.316 ; gain = 117.500
exit
INFO: [Common 17-206] Exiting Vivado at Fri May 25 10:20:23 2018...
