Copyright 1986-2016 Xilinx, Inc. All Rights Reserved.
---------------------------------------------------------------------------------------------------------------
| Tool Version : Vivado v.2016.3 (win64) Build 1682563 Mon Oct 10 19:07:27 MDT 2016
| Date         : Wed Jun 27 13:56:03 2018
| Host         : DESKTOP-MB53OH4 running 64-bit major release  (build 9200)
| Command      : report_drc -file Display_drc_routed.rpt -pb Display_drc_routed.pb -rpx Display_drc_routed.rpx
| Design       : Display
| Device       : xc7a35tcpg236-1
| Speed File   : -1
| Design State : Routed
---------------------------------------------------------------------------------------------------------------

Report DRC

Table of Contents
-----------------
1. REPORT SUMMARY
2. REPORT DETAILS

1. REPORT SUMMARY
-----------------
            Netlist: netlist
          Floorplan: design_1
      Design limits: <entire design considered>
           Ruledeck: default
             Max violations: <unlimited>
             Violations found: 130
+----------+------------------+-----------------------------------------------------+------------+
| Rule     | Severity         | Description                                         | Violations |
+----------+------------------+-----------------------------------------------------+------------+
| NSTD-1   | Critical Warning | Unspecified I/O Standard                            | 1          |
| CFGBVS-1 | Warning          | Missing CFGBVS and CONFIG_VOLTAGE Design Properties | 1          |
| PDRC-153 | Warning          | Gated clock check                                   | 128        |
+----------+------------------+-----------------------------------------------------+------------+

2. REPORT DETAILS
-----------------
NSTD-1#1 Critical Warning
Unspecified I/O Standard  
21 out of 21 logical ports use I/O standard (IOSTANDARD) value 'DEFAULT', instead of a user assigned specific value. This may cause I/O contention or incompatibility with the board power or connectivity affecting performance, signal integrity or in extreme cases cause damage to the device or the components to which it is connected. To correct this violation, specify all I/O standards. This design will fail to generate a bitstream unless all logical ports have a user specified I/O standard value defined. To allow bitstream creation with unspecified I/O standard values (not recommended), use this command: set_property SEVERITY {Warning} [get_drc_checks NSTD-1].  NOTE: When using the Vivado Runs infrastructure (e.g. launch_runs Tcl command), add this command to a .tcl file and add that file as a pre-hook for write_bitstream step for the implementation run. Problem ports: switch[1:0], display_out[3:0], dispcode[7:0], state[2:0], clk, btr, reset, stateRST.
Related violations: <none>

CFGBVS-1#1 Warning
Missing CFGBVS and CONFIG_VOLTAGE Design Properties  
Neither the CFGBVS nor CONFIG_VOLTAGE voltage property is set in the current_design.  Configuration bank voltage select (CFGBVS) must be set to VCCO or GND, and CONFIG_VOLTAGE must be set to the correct configuration voltage, in order to determine the I/O voltage support for the pins in bank 0.  It is suggested to specify these either using the 'Edit Device Properties' function in the GUI or directly in the XDC file using the following syntax:

 set_property CFGBVS value1 [current_design]
 #where value1 is either VCCO or GND

 set_property CONFIG_VOLTAGE value2 [current_design]
 #where value2 is the voltage provided to configuration bank 0

Refer to the device configuration user guide for more information.
Related violations: <none>

PDRC-153#1 Warning
Gated clock check  
Net uut/aludr/DMoutDR_reg[0]_102[0] is a gated clock net sourced by a combinational pin uut/aludr/memory_reg[81][7]_i_2/O, cell uut/aludr/memory_reg[81][7]_i_2. This is not good design practice and will likely impact performance. For SLICE registers, for example, use the CE pin to control the loading of data.
Related violations: <none>

PDRC-153#2 Warning
Gated clock check  
Net uut/aludr/DMoutDR_reg[0]_106[0] is a gated clock net sourced by a combinational pin uut/aludr/memory_reg[79][7]_i_2/O, cell uut/aludr/memory_reg[79][7]_i_2. This is not good design practice and will likely impact performance. For SLICE registers, for example, use the CE pin to control the loading of data.
Related violations: <none>

PDRC-153#3 Warning
Gated clock check  
Net uut/aludr/DMoutDR_reg[0]_10[0] is a gated clock net sourced by a combinational pin uut/aludr/memory_reg[127][7]_i_2/O, cell uut/aludr/memory_reg[127][7]_i_2. This is not good design practice and will likely impact performance. For SLICE registers, for example, use the CE pin to control the loading of data.
Related violations: <none>

PDRC-153#4 Warning
Gated clock check  
Net uut/aludr/DMoutDR_reg[0]_110[0] is a gated clock net sourced by a combinational pin uut/aludr/memory_reg[77][7]_i_2/O, cell uut/aludr/memory_reg[77][7]_i_2. This is not good design practice and will likely impact performance. For SLICE registers, for example, use the CE pin to control the loading of data.
Related violations: <none>

PDRC-153#5 Warning
Gated clock check  
Net uut/aludr/DMoutDR_reg[0]_114[0] is a gated clock net sourced by a combinational pin uut/aludr/memory_reg[75][7]_i_2/O, cell uut/aludr/memory_reg[75][7]_i_2. This is not good design practice and will likely impact performance. For SLICE registers, for example, use the CE pin to control the loading of data.
Related violations: <none>

PDRC-153#6 Warning
Gated clock check  
Net uut/aludr/DMoutDR_reg[0]_118[0] is a gated clock net sourced by a combinational pin uut/aludr/memory_reg[73][7]_i_2/O, cell uut/aludr/memory_reg[73][7]_i_2. This is not good design practice and will likely impact performance. For SLICE registers, for example, use the CE pin to control the loading of data.
Related violations: <none>

PDRC-153#7 Warning
Gated clock check  
Net uut/aludr/DMoutDR_reg[0]_122[0] is a gated clock net sourced by a combinational pin uut/aludr/memory_reg[71][7]_i_2/O, cell uut/aludr/memory_reg[71][7]_i_2. This is not good design practice and will likely impact performance. For SLICE registers, for example, use the CE pin to control the loading of data.
Related violations: <none>

PDRC-153#8 Warning
Gated clock check  
Net uut/aludr/DMoutDR_reg[0]_126[0] is a gated clock net sourced by a combinational pin uut/aludr/memory_reg[69][7]_i_2/O, cell uut/aludr/memory_reg[69][7]_i_2. This is not good design practice and will likely impact performance. For SLICE registers, for example, use the CE pin to control the loading of data.
Related violations: <none>

PDRC-153#9 Warning
Gated clock check  
Net uut/aludr/DMoutDR_reg[0]_130[0] is a gated clock net sourced by a combinational pin uut/aludr/memory_reg[67][7]_i_2/O, cell uut/aludr/memory_reg[67][7]_i_2. This is not good design practice and will likely impact performance. For SLICE registers, for example, use the CE pin to control the loading of data.
Related violations: <none>

PDRC-153#10 Warning
Gated clock check  
Net uut/aludr/DMoutDR_reg[0]_134[0] is a gated clock net sourced by a combinational pin uut/aludr/memory_reg[65][7]_i_2/O, cell uut/aludr/memory_reg[65][7]_i_2. This is not good design practice and will likely impact performance. For SLICE registers, for example, use the CE pin to control the loading of data.
Related violations: <none>

PDRC-153#11 Warning
Gated clock check  
Net uut/aludr/DMoutDR_reg[0]_138[0] is a gated clock net sourced by a combinational pin uut/aludr/memory_reg[63][7]_i_2/O, cell uut/aludr/memory_reg[63][7]_i_2. This is not good design practice and will likely impact performance. For SLICE registers, for example, use the CE pin to control the loading of data.
Related violations: <none>

PDRC-153#12 Warning
Gated clock check  
Net uut/aludr/DMoutDR_reg[0]_142[0] is a gated clock net sourced by a combinational pin uut/aludr/memory_reg[61][7]_i_2/O, cell uut/aludr/memory_reg[61][7]_i_2. This is not good design practice and will likely impact performance. For SLICE registers, for example, use the CE pin to control the loading of data.
Related violations: <none>

PDRC-153#13 Warning
Gated clock check  
Net uut/aludr/DMoutDR_reg[0]_146[0] is a gated clock net sourced by a combinational pin uut/aludr/memory_reg[59][7]_i_2/O, cell uut/aludr/memory_reg[59][7]_i_2. This is not good design practice and will likely impact performance. For SLICE registers, for example, use the CE pin to control the loading of data.
Related violations: <none>

PDRC-153#14 Warning
Gated clock check  
Net uut/aludr/DMoutDR_reg[0]_14[0] is a gated clock net sourced by a combinational pin uut/aludr/memory_reg[125][7]_i_2/O, cell uut/aludr/memory_reg[125][7]_i_2. This is not good design practice and will likely impact performance. For SLICE registers, for example, use the CE pin to control the loading of data.
Related violations: <none>

PDRC-153#15 Warning
Gated clock check  
Net uut/aludr/DMoutDR_reg[0]_150[0] is a gated clock net sourced by a combinational pin uut/aludr/memory_reg[57][7]_i_2/O, cell uut/aludr/memory_reg[57][7]_i_2. This is not good design practice and will likely impact performance. For SLICE registers, for example, use the CE pin to control the loading of data.
Related violations: <none>

PDRC-153#16 Warning
Gated clock check  
Net uut/aludr/DMoutDR_reg[0]_154[0] is a gated clock net sourced by a combinational pin uut/aludr/memory_reg[55][7]_i_2/O, cell uut/aludr/memory_reg[55][7]_i_2. This is not good design practice and will likely impact performance. For SLICE registers, for example, use the CE pin to control the loading of data.
Related violations: <none>

PDRC-153#17 Warning
Gated clock check  
Net uut/aludr/DMoutDR_reg[0]_158[0] is a gated clock net sourced by a combinational pin uut/aludr/memory_reg[53][7]_i_2/O, cell uut/aludr/memory_reg[53][7]_i_2. This is not good design practice and will likely impact performance. For SLICE registers, for example, use the CE pin to control the loading of data.
Related violations: <none>

PDRC-153#18 Warning
Gated clock check  
Net uut/aludr/DMoutDR_reg[0]_162[0] is a gated clock net sourced by a combinational pin uut/aludr/memory_reg[51][7]_i_2/O, cell uut/aludr/memory_reg[51][7]_i_2. This is not good design practice and will likely impact performance. For SLICE registers, for example, use the CE pin to control the loading of data.
Related violations: <none>

PDRC-153#19 Warning
Gated clock check  
Net uut/aludr/DMoutDR_reg[0]_166[0] is a gated clock net sourced by a combinational pin uut/aludr/memory_reg[49][7]_i_2/O, cell uut/aludr/memory_reg[49][7]_i_2. This is not good design practice and will likely impact performance. For SLICE registers, for example, use the CE pin to control the loading of data.
Related violations: <none>

PDRC-153#20 Warning
Gated clock check  
Net uut/aludr/DMoutDR_reg[0]_170[0] is a gated clock net sourced by a combinational pin uut/aludr/memory_reg[47][7]_i_2/O, cell uut/aludr/memory_reg[47][7]_i_2. This is not good design practice and will likely impact performance. For SLICE registers, for example, use the CE pin to control the loading of data.
Related violations: <none>

PDRC-153#21 Warning
Gated clock check  
Net uut/aludr/DMoutDR_reg[0]_174[0] is a gated clock net sourced by a combinational pin uut/aludr/memory_reg[45][7]_i_2/O, cell uut/aludr/memory_reg[45][7]_i_2. This is not good design practice and will likely impact performance. For SLICE registers, for example, use the CE pin to control the loading of data.
Related violations: <none>

PDRC-153#22 Warning
Gated clock check  
Net uut/aludr/DMoutDR_reg[0]_178[0] is a gated clock net sourced by a combinational pin uut/aludr/memory_reg[43][7]_i_2/O, cell uut/aludr/memory_reg[43][7]_i_2. This is not good design practice and will likely impact performance. For SLICE registers, for example, use the CE pin to control the loading of data.
Related violations: <none>

PDRC-153#23 Warning
Gated clock check  
Net uut/aludr/DMoutDR_reg[0]_182[0] is a gated clock net sourced by a combinational pin uut/aludr/memory_reg[41][7]_i_2/O, cell uut/aludr/memory_reg[41][7]_i_2. This is not good design practice and will likely impact performance. For SLICE registers, for example, use the CE pin to control the loading of data.
Related violations: <none>

PDRC-153#24 Warning
Gated clock check  
Net uut/aludr/DMoutDR_reg[0]_186[0] is a gated clock net sourced by a combinational pin uut/aludr/memory_reg[39][7]_i_2/O, cell uut/aludr/memory_reg[39][7]_i_2. This is not good design practice and will likely impact performance. For SLICE registers, for example, use the CE pin to control the loading of data.
Related violations: <none>

PDRC-153#25 Warning
Gated clock check  
Net uut/aludr/DMoutDR_reg[0]_18[0] is a gated clock net sourced by a combinational pin uut/aludr/memory_reg[123][7]_i_2/O, cell uut/aludr/memory_reg[123][7]_i_2. This is not good design practice and will likely impact performance. For SLICE registers, for example, use the CE pin to control the loading of data.
Related violations: <none>

PDRC-153#26 Warning
Gated clock check  
Net uut/aludr/DMoutDR_reg[0]_190[0] is a gated clock net sourced by a combinational pin uut/aludr/memory_reg[37][7]_i_2/O, cell uut/aludr/memory_reg[37][7]_i_2. This is not good design practice and will likely impact performance. For SLICE registers, for example, use the CE pin to control the loading of data.
Related violations: <none>

PDRC-153#27 Warning
Gated clock check  
Net uut/aludr/DMoutDR_reg[0]_194[0] is a gated clock net sourced by a combinational pin uut/aludr/memory_reg[35][7]_i_2/O, cell uut/aludr/memory_reg[35][7]_i_2. This is not good design practice and will likely impact performance. For SLICE registers, for example, use the CE pin to control the loading of data.
Related violations: <none>

PDRC-153#28 Warning
Gated clock check  
Net uut/aludr/DMoutDR_reg[0]_198[0] is a gated clock net sourced by a combinational pin uut/aludr/memory_reg[33][7]_i_2/O, cell uut/aludr/memory_reg[33][7]_i_2. This is not good design practice and will likely impact performance. For SLICE registers, for example, use the CE pin to control the loading of data.
Related violations: <none>

PDRC-153#29 Warning
Gated clock check  
Net uut/aludr/DMoutDR_reg[0]_202[0] is a gated clock net sourced by a combinational pin uut/aludr/memory_reg[31][7]_i_2/O, cell uut/aludr/memory_reg[31][7]_i_2. This is not good design practice and will likely impact performance. For SLICE registers, for example, use the CE pin to control the loading of data.
Related violations: <none>

PDRC-153#30 Warning
Gated clock check  
Net uut/aludr/DMoutDR_reg[0]_206[0] is a gated clock net sourced by a combinational pin uut/aludr/memory_reg[29][7]_i_2/O, cell uut/aludr/memory_reg[29][7]_i_2. This is not good design practice and will likely impact performance. For SLICE registers, for example, use the CE pin to control the loading of data.
Related violations: <none>

PDRC-153#31 Warning
Gated clock check  
Net uut/aludr/DMoutDR_reg[0]_210[0] is a gated clock net sourced by a combinational pin uut/aludr/memory_reg[27][7]_i_2/O, cell uut/aludr/memory_reg[27][7]_i_2. This is not good design practice and will likely impact performance. For SLICE registers, for example, use the CE pin to control the loading of data.
Related violations: <none>

PDRC-153#32 Warning
Gated clock check  
Net uut/aludr/DMoutDR_reg[0]_214[0] is a gated clock net sourced by a combinational pin uut/aludr/memory_reg[25][7]_i_2/O, cell uut/aludr/memory_reg[25][7]_i_2. This is not good design practice and will likely impact performance. For SLICE registers, for example, use the CE pin to control the loading of data.
Related violations: <none>

PDRC-153#33 Warning
Gated clock check  
Net uut/aludr/DMoutDR_reg[0]_218[0] is a gated clock net sourced by a combinational pin uut/aludr/memory_reg[23][7]_i_2/O, cell uut/aludr/memory_reg[23][7]_i_2. This is not good design practice and will likely impact performance. For SLICE registers, for example, use the CE pin to control the loading of data.
Related violations: <none>

PDRC-153#34 Warning
Gated clock check  
Net uut/aludr/DMoutDR_reg[0]_222[0] is a gated clock net sourced by a combinational pin uut/aludr/memory_reg[21][7]_i_2/O, cell uut/aludr/memory_reg[21][7]_i_2. This is not good design practice and will likely impact performance. For SLICE registers, for example, use the CE pin to control the loading of data.
Related violations: <none>

PDRC-153#35 Warning
Gated clock check  
Net uut/aludr/DMoutDR_reg[0]_226[0] is a gated clock net sourced by a combinational pin uut/aludr/memory_reg[19][7]_i_2/O, cell uut/aludr/memory_reg[19][7]_i_2. This is not good design practice and will likely impact performance. For SLICE registers, for example, use the CE pin to control the loading of data.
Related violations: <none>

PDRC-153#36 Warning
Gated clock check  
Net uut/aludr/DMoutDR_reg[0]_22[0] is a gated clock net sourced by a combinational pin uut/aludr/memory_reg[121][7]_i_2/O, cell uut/aludr/memory_reg[121][7]_i_2. This is not good design practice and will likely impact performance. For SLICE registers, for example, use the CE pin to control the loading of data.
Related violations: <none>

PDRC-153#37 Warning
Gated clock check  
Net uut/aludr/DMoutDR_reg[0]_230[0] is a gated clock net sourced by a combinational pin uut/aludr/memory_reg[17][7]_i_2/O, cell uut/aludr/memory_reg[17][7]_i_2. This is not good design practice and will likely impact performance. For SLICE registers, for example, use the CE pin to control the loading of data.
Related violations: <none>

PDRC-153#38 Warning
Gated clock check  
Net uut/aludr/DMoutDR_reg[0]_234[0] is a gated clock net sourced by a combinational pin uut/aludr/memory_reg[15][7]_i_2/O, cell uut/aludr/memory_reg[15][7]_i_2. This is not good design practice and will likely impact performance. For SLICE registers, for example, use the CE pin to control the loading of data.
Related violations: <none>

PDRC-153#39 Warning
Gated clock check  
Net uut/aludr/DMoutDR_reg[0]_238[0] is a gated clock net sourced by a combinational pin uut/aludr/memory_reg[13][7]_i_2/O, cell uut/aludr/memory_reg[13][7]_i_2. This is not good design practice and will likely impact performance. For SLICE registers, for example, use the CE pin to control the loading of data.
Related violations: <none>

PDRC-153#40 Warning
Gated clock check  
Net uut/aludr/DMoutDR_reg[0]_242[0] is a gated clock net sourced by a combinational pin uut/aludr/memory_reg[11][7]_i_2/O, cell uut/aludr/memory_reg[11][7]_i_2. This is not good design practice and will likely impact performance. For SLICE registers, for example, use the CE pin to control the loading of data.
Related violations: <none>

PDRC-153#41 Warning
Gated clock check  
Net uut/aludr/DMoutDR_reg[0]_246[0] is a gated clock net sourced by a combinational pin uut/aludr/memory_reg[9][7]_i_2/O, cell uut/aludr/memory_reg[9][7]_i_2. This is not good design practice and will likely impact performance. For SLICE registers, for example, use the CE pin to control the loading of data.
Related violations: <none>

PDRC-153#42 Warning
Gated clock check  
Net uut/aludr/DMoutDR_reg[0]_250[0] is a gated clock net sourced by a combinational pin uut/aludr/memory_reg[7][7]_i_2/O, cell uut/aludr/memory_reg[7][7]_i_2. This is not good design practice and will likely impact performance. For SLICE registers, for example, use the CE pin to control the loading of data.
Related violations: <none>

PDRC-153#43 Warning
Gated clock check  
Net uut/aludr/DMoutDR_reg[0]_254[0] is a gated clock net sourced by a combinational pin uut/aludr/memory_reg[5][7]_i_2/O, cell uut/aludr/memory_reg[5][7]_i_2. This is not good design practice and will likely impact performance. For SLICE registers, for example, use the CE pin to control the loading of data.
Related violations: <none>

PDRC-153#44 Warning
Gated clock check  
Net uut/aludr/DMoutDR_reg[0]_258[0] is a gated clock net sourced by a combinational pin uut/aludr/memory_reg[3][7]_i_2/O, cell uut/aludr/memory_reg[3][7]_i_2. This is not good design practice and will likely impact performance. For SLICE registers, for example, use the CE pin to control the loading of data.
Related violations: <none>

PDRC-153#45 Warning
Gated clock check  
Net uut/aludr/DMoutDR_reg[0]_262[0] is a gated clock net sourced by a combinational pin uut/aludr/memory_reg[1][7]_i_2/O, cell uut/aludr/memory_reg[1][7]_i_2. This is not good design practice and will likely impact performance. For SLICE registers, for example, use the CE pin to control the loading of data.
Related violations: <none>

PDRC-153#46 Warning
Gated clock check  
Net uut/aludr/DMoutDR_reg[0]_266[0] is a gated clock net sourced by a combinational pin uut/aludr/memory_reg[2][7]_i_2/O, cell uut/aludr/memory_reg[2][7]_i_2. This is not good design practice and will likely impact performance. For SLICE registers, for example, use the CE pin to control the loading of data.
Related violations: <none>

PDRC-153#47 Warning
Gated clock check  
Net uut/aludr/DMoutDR_reg[0]_26[0] is a gated clock net sourced by a combinational pin uut/aludr/memory_reg[119][7]_i_2/O, cell uut/aludr/memory_reg[119][7]_i_2. This is not good design practice and will likely impact performance. For SLICE registers, for example, use the CE pin to control the loading of data.
Related violations: <none>

PDRC-153#48 Warning
Gated clock check  
Net uut/aludr/DMoutDR_reg[0]_270[0] is a gated clock net sourced by a combinational pin uut/aludr/memory_reg[4][7]_i_2/O, cell uut/aludr/memory_reg[4][7]_i_2. This is not good design practice and will likely impact performance. For SLICE registers, for example, use the CE pin to control the loading of data.
Related violations: <none>

PDRC-153#49 Warning
Gated clock check  
Net uut/aludr/DMoutDR_reg[0]_274[0] is a gated clock net sourced by a combinational pin uut/aludr/memory_reg[6][7]_i_2/O, cell uut/aludr/memory_reg[6][7]_i_2. This is not good design practice and will likely impact performance. For SLICE registers, for example, use the CE pin to control the loading of data.
Related violations: <none>

PDRC-153#50 Warning
Gated clock check  
Net uut/aludr/DMoutDR_reg[0]_278[0] is a gated clock net sourced by a combinational pin uut/aludr/memory_reg[8][7]_i_2/O, cell uut/aludr/memory_reg[8][7]_i_2. This is not good design practice and will likely impact performance. For SLICE registers, for example, use the CE pin to control the loading of data.
Related violations: <none>

PDRC-153#51 Warning
Gated clock check  
Net uut/aludr/DMoutDR_reg[0]_282[0] is a gated clock net sourced by a combinational pin uut/aludr/memory_reg[10][7]_i_2/O, cell uut/aludr/memory_reg[10][7]_i_2. This is not good design practice and will likely impact performance. For SLICE registers, for example, use the CE pin to control the loading of data.
Related violations: <none>

PDRC-153#52 Warning
Gated clock check  
Net uut/aludr/DMoutDR_reg[0]_286[0] is a gated clock net sourced by a combinational pin uut/aludr/memory_reg[12][7]_i_2/O, cell uut/aludr/memory_reg[12][7]_i_2. This is not good design practice and will likely impact performance. For SLICE registers, for example, use the CE pin to control the loading of data.
Related violations: <none>

PDRC-153#53 Warning
Gated clock check  
Net uut/aludr/DMoutDR_reg[0]_290[0] is a gated clock net sourced by a combinational pin uut/aludr/memory_reg[14][7]_i_2/O, cell uut/aludr/memory_reg[14][7]_i_2. This is not good design practice and will likely impact performance. For SLICE registers, for example, use the CE pin to control the loading of data.
Related violations: <none>

PDRC-153#54 Warning
Gated clock check  
Net uut/aludr/DMoutDR_reg[0]_294[0] is a gated clock net sourced by a combinational pin uut/aludr/memory_reg[16][7]_i_2/O, cell uut/aludr/memory_reg[16][7]_i_2. This is not good design practice and will likely impact performance. For SLICE registers, for example, use the CE pin to control the loading of data.
Related violations: <none>

PDRC-153#55 Warning
Gated clock check  
Net uut/aludr/DMoutDR_reg[0]_298[0] is a gated clock net sourced by a combinational pin uut/aludr/memory_reg[18][7]_i_2/O, cell uut/aludr/memory_reg[18][7]_i_2. This is not good design practice and will likely impact performance. For SLICE registers, for example, use the CE pin to control the loading of data.
Related violations: <none>

PDRC-153#56 Warning
Gated clock check  
Net uut/aludr/DMoutDR_reg[0]_2[0] is a gated clock net sourced by a combinational pin uut/aludr/memory_reg[112][7]_i_2/O, cell uut/aludr/memory_reg[112][7]_i_2. This is not good design practice and will likely impact performance. For SLICE registers, for example, use the CE pin to control the loading of data.
Related violations: <none>

PDRC-153#57 Warning
Gated clock check  
Net uut/aludr/DMoutDR_reg[0]_302[0] is a gated clock net sourced by a combinational pin uut/aludr/memory_reg[20][7]_i_2/O, cell uut/aludr/memory_reg[20][7]_i_2. This is not good design practice and will likely impact performance. For SLICE registers, for example, use the CE pin to control the loading of data.
Related violations: <none>

PDRC-153#58 Warning
Gated clock check  
Net uut/aludr/DMoutDR_reg[0]_306[0] is a gated clock net sourced by a combinational pin uut/aludr/memory_reg[22][7]_i_2/O, cell uut/aludr/memory_reg[22][7]_i_2. This is not good design practice and will likely impact performance. For SLICE registers, for example, use the CE pin to control the loading of data.
Related violations: <none>

PDRC-153#59 Warning
Gated clock check  
Net uut/aludr/DMoutDR_reg[0]_30[0] is a gated clock net sourced by a combinational pin uut/aludr/memory_reg[117][7]_i_2/O, cell uut/aludr/memory_reg[117][7]_i_2. This is not good design practice and will likely impact performance. For SLICE registers, for example, use the CE pin to control the loading of data.
Related violations: <none>

PDRC-153#60 Warning
Gated clock check  
Net uut/aludr/DMoutDR_reg[0]_310[0] is a gated clock net sourced by a combinational pin uut/aludr/memory_reg[24][7]_i_2/O, cell uut/aludr/memory_reg[24][7]_i_2. This is not good design practice and will likely impact performance. For SLICE registers, for example, use the CE pin to control the loading of data.
Related violations: <none>

PDRC-153#61 Warning
Gated clock check  
Net uut/aludr/DMoutDR_reg[0]_314[0] is a gated clock net sourced by a combinational pin uut/aludr/memory_reg[26][7]_i_2/O, cell uut/aludr/memory_reg[26][7]_i_2. This is not good design practice and will likely impact performance. For SLICE registers, for example, use the CE pin to control the loading of data.
Related violations: <none>

PDRC-153#62 Warning
Gated clock check  
Net uut/aludr/DMoutDR_reg[0]_318[0] is a gated clock net sourced by a combinational pin uut/aludr/memory_reg[28][7]_i_2/O, cell uut/aludr/memory_reg[28][7]_i_2. This is not good design practice and will likely impact performance. For SLICE registers, for example, use the CE pin to control the loading of data.
Related violations: <none>

PDRC-153#63 Warning
Gated clock check  
Net uut/aludr/DMoutDR_reg[0]_322[0] is a gated clock net sourced by a combinational pin uut/aludr/memory_reg[30][7]_i_2/O, cell uut/aludr/memory_reg[30][7]_i_2. This is not good design practice and will likely impact performance. For SLICE registers, for example, use the CE pin to control the loading of data.
Related violations: <none>

PDRC-153#64 Warning
Gated clock check  
Net uut/aludr/DMoutDR_reg[0]_326[0] is a gated clock net sourced by a combinational pin uut/aludr/memory_reg[32][7]_i_2/O, cell uut/aludr/memory_reg[32][7]_i_2. This is not good design practice and will likely impact performance. For SLICE registers, for example, use the CE pin to control the loading of data.
Related violations: <none>

PDRC-153#65 Warning
Gated clock check  
Net uut/aludr/DMoutDR_reg[0]_330[0] is a gated clock net sourced by a combinational pin uut/aludr/memory_reg[34][7]_i_2/O, cell uut/aludr/memory_reg[34][7]_i_2. This is not good design practice and will likely impact performance. For SLICE registers, for example, use the CE pin to control the loading of data.
Related violations: <none>

PDRC-153#66 Warning
Gated clock check  
Net uut/aludr/DMoutDR_reg[0]_334[0] is a gated clock net sourced by a combinational pin uut/aludr/memory_reg[36][7]_i_2/O, cell uut/aludr/memory_reg[36][7]_i_2. This is not good design practice and will likely impact performance. For SLICE registers, for example, use the CE pin to control the loading of data.
Related violations: <none>

PDRC-153#67 Warning
Gated clock check  
Net uut/aludr/DMoutDR_reg[0]_338[0] is a gated clock net sourced by a combinational pin uut/aludr/memory_reg[38][7]_i_2/O, cell uut/aludr/memory_reg[38][7]_i_2. This is not good design practice and will likely impact performance. For SLICE registers, for example, use the CE pin to control the loading of data.
Related violations: <none>

PDRC-153#68 Warning
Gated clock check  
Net uut/aludr/DMoutDR_reg[0]_342[0] is a gated clock net sourced by a combinational pin uut/aludr/memory_reg[40][7]_i_2/O, cell uut/aludr/memory_reg[40][7]_i_2. This is not good design practice and will likely impact performance. For SLICE registers, for example, use the CE pin to control the loading of data.
Related violations: <none>

PDRC-153#69 Warning
Gated clock check  
Net uut/aludr/DMoutDR_reg[0]_346[0] is a gated clock net sourced by a combinational pin uut/aludr/memory_reg[42][7]_i_2/O, cell uut/aludr/memory_reg[42][7]_i_2. This is not good design practice and will likely impact performance. For SLICE registers, for example, use the CE pin to control the loading of data.
Related violations: <none>

PDRC-153#70 Warning
Gated clock check  
Net uut/aludr/DMoutDR_reg[0]_34[0] is a gated clock net sourced by a combinational pin uut/aludr/memory_reg[115][7]_i_2/O, cell uut/aludr/memory_reg[115][7]_i_2. This is not good design practice and will likely impact performance. For SLICE registers, for example, use the CE pin to control the loading of data.
Related violations: <none>

PDRC-153#71 Warning
Gated clock check  
Net uut/aludr/DMoutDR_reg[0]_350[0] is a gated clock net sourced by a combinational pin uut/aludr/memory_reg[44][7]_i_2/O, cell uut/aludr/memory_reg[44][7]_i_2. This is not good design practice and will likely impact performance. For SLICE registers, for example, use the CE pin to control the loading of data.
Related violations: <none>

PDRC-153#72 Warning
Gated clock check  
Net uut/aludr/DMoutDR_reg[0]_354[0] is a gated clock net sourced by a combinational pin uut/aludr/memory_reg[46][7]_i_2/O, cell uut/aludr/memory_reg[46][7]_i_2. This is not good design practice and will likely impact performance. For SLICE registers, for example, use the CE pin to control the loading of data.
Related violations: <none>

PDRC-153#73 Warning
Gated clock check  
Net uut/aludr/DMoutDR_reg[0]_358[0] is a gated clock net sourced by a combinational pin uut/aludr/memory_reg[48][7]_i_2/O, cell uut/aludr/memory_reg[48][7]_i_2. This is not good design practice and will likely impact performance. For SLICE registers, for example, use the CE pin to control the loading of data.
Related violations: <none>

PDRC-153#74 Warning
Gated clock check  
Net uut/aludr/DMoutDR_reg[0]_362[0] is a gated clock net sourced by a combinational pin uut/aludr/memory_reg[50][7]_i_2/O, cell uut/aludr/memory_reg[50][7]_i_2. This is not good design practice and will likely impact performance. For SLICE registers, for example, use the CE pin to control the loading of data.
Related violations: <none>

PDRC-153#75 Warning
Gated clock check  
Net uut/aludr/DMoutDR_reg[0]_366[0] is a gated clock net sourced by a combinational pin uut/aludr/memory_reg[52][7]_i_2/O, cell uut/aludr/memory_reg[52][7]_i_2. This is not good design practice and will likely impact performance. For SLICE registers, for example, use the CE pin to control the loading of data.
Related violations: <none>

PDRC-153#76 Warning
Gated clock check  
Net uut/aludr/DMoutDR_reg[0]_370[0] is a gated clock net sourced by a combinational pin uut/aludr/memory_reg[54][7]_i_2/O, cell uut/aludr/memory_reg[54][7]_i_2. This is not good design practice and will likely impact performance. For SLICE registers, for example, use the CE pin to control the loading of data.
Related violations: <none>

PDRC-153#77 Warning
Gated clock check  
Net uut/aludr/DMoutDR_reg[0]_374[0] is a gated clock net sourced by a combinational pin uut/aludr/memory_reg[56][7]_i_2/O, cell uut/aludr/memory_reg[56][7]_i_2. This is not good design practice and will likely impact performance. For SLICE registers, for example, use the CE pin to control the loading of data.
Related violations: <none>

PDRC-153#78 Warning
Gated clock check  
Net uut/aludr/DMoutDR_reg[0]_378[0] is a gated clock net sourced by a combinational pin uut/aludr/memory_reg[58][7]_i_2/O, cell uut/aludr/memory_reg[58][7]_i_2. This is not good design practice and will likely impact performance. For SLICE registers, for example, use the CE pin to control the loading of data.
Related violations: <none>

PDRC-153#79 Warning
Gated clock check  
Net uut/aludr/DMoutDR_reg[0]_382[0] is a gated clock net sourced by a combinational pin uut/aludr/memory_reg[60][7]_i_2/O, cell uut/aludr/memory_reg[60][7]_i_2. This is not good design practice and will likely impact performance. For SLICE registers, for example, use the CE pin to control the loading of data.
Related violations: <none>

PDRC-153#80 Warning
Gated clock check  
Net uut/aludr/DMoutDR_reg[0]_386[0] is a gated clock net sourced by a combinational pin uut/aludr/memory_reg[62][7]_i_2/O, cell uut/aludr/memory_reg[62][7]_i_2. This is not good design practice and will likely impact performance. For SLICE registers, for example, use the CE pin to control the loading of data.
Related violations: <none>

PDRC-153#81 Warning
Gated clock check  
Net uut/aludr/DMoutDR_reg[0]_38[0] is a gated clock net sourced by a combinational pin uut/aludr/memory_reg[113][7]_i_2/O, cell uut/aludr/memory_reg[113][7]_i_2. This is not good design practice and will likely impact performance. For SLICE registers, for example, use the CE pin to control the loading of data.
Related violations: <none>

PDRC-153#82 Warning
Gated clock check  
Net uut/aludr/DMoutDR_reg[0]_390[0] is a gated clock net sourced by a combinational pin uut/aludr/memory_reg[64][7]_i_2/O, cell uut/aludr/memory_reg[64][7]_i_2. This is not good design practice and will likely impact performance. For SLICE registers, for example, use the CE pin to control the loading of data.
Related violations: <none>

PDRC-153#83 Warning
Gated clock check  
Net uut/aludr/DMoutDR_reg[0]_394[0] is a gated clock net sourced by a combinational pin uut/aludr/memory_reg[66][7]_i_2/O, cell uut/aludr/memory_reg[66][7]_i_2. This is not good design practice and will likely impact performance. For SLICE registers, for example, use the CE pin to control the loading of data.
Related violations: <none>

PDRC-153#84 Warning
Gated clock check  
Net uut/aludr/DMoutDR_reg[0]_398[0] is a gated clock net sourced by a combinational pin uut/aludr/memory_reg[68][7]_i_2/O, cell uut/aludr/memory_reg[68][7]_i_2. This is not good design practice and will likely impact performance. For SLICE registers, for example, use the CE pin to control the loading of data.
Related violations: <none>

PDRC-153#85 Warning
Gated clock check  
Net uut/aludr/DMoutDR_reg[0]_402[0] is a gated clock net sourced by a combinational pin uut/aludr/memory_reg[70][7]_i_2/O, cell uut/aludr/memory_reg[70][7]_i_2. This is not good design practice and will likely impact performance. For SLICE registers, for example, use the CE pin to control the loading of data.
Related violations: <none>

PDRC-153#86 Warning
Gated clock check  
Net uut/aludr/DMoutDR_reg[0]_406[0] is a gated clock net sourced by a combinational pin uut/aludr/memory_reg[72][7]_i_2/O, cell uut/aludr/memory_reg[72][7]_i_2. This is not good design practice and will likely impact performance. For SLICE registers, for example, use the CE pin to control the loading of data.
Related violations: <none>

PDRC-153#87 Warning
Gated clock check  
Net uut/aludr/DMoutDR_reg[0]_410[0] is a gated clock net sourced by a combinational pin uut/aludr/memory_reg[74][7]_i_2/O, cell uut/aludr/memory_reg[74][7]_i_2. This is not good design practice and will likely impact performance. For SLICE registers, for example, use the CE pin to control the loading of data.
Related violations: <none>

PDRC-153#88 Warning
Gated clock check  
Net uut/aludr/DMoutDR_reg[0]_414[0] is a gated clock net sourced by a combinational pin uut/aludr/memory_reg[76][7]_i_2/O, cell uut/aludr/memory_reg[76][7]_i_2. This is not good design practice and will likely impact performance. For SLICE registers, for example, use the CE pin to control the loading of data.
Related violations: <none>

PDRC-153#89 Warning
Gated clock check  
Net uut/aludr/DMoutDR_reg[0]_418[0] is a gated clock net sourced by a combinational pin uut/aludr/memory_reg[78][7]_i_2/O, cell uut/aludr/memory_reg[78][7]_i_2. This is not good design practice and will likely impact performance. For SLICE registers, for example, use the CE pin to control the loading of data.
Related violations: <none>

PDRC-153#90 Warning
Gated clock check  
Net uut/aludr/DMoutDR_reg[0]_422[0] is a gated clock net sourced by a combinational pin uut/aludr/memory_reg[80][7]_i_2/O, cell uut/aludr/memory_reg[80][7]_i_2. This is not good design practice and will likely impact performance. For SLICE registers, for example, use the CE pin to control the loading of data.
Related violations: <none>

PDRC-153#91 Warning
Gated clock check  
Net uut/aludr/DMoutDR_reg[0]_426[0] is a gated clock net sourced by a combinational pin uut/aludr/memory_reg[82][7]_i_2/O, cell uut/aludr/memory_reg[82][7]_i_2. This is not good design practice and will likely impact performance. For SLICE registers, for example, use the CE pin to control the loading of data.
Related violations: <none>

PDRC-153#92 Warning
Gated clock check  
Net uut/aludr/DMoutDR_reg[0]_42[0] is a gated clock net sourced by a combinational pin uut/aludr/memory_reg[111][7]_i_2/O, cell uut/aludr/memory_reg[111][7]_i_2. This is not good design practice and will likely impact performance. For SLICE registers, for example, use the CE pin to control the loading of data.
Related violations: <none>

PDRC-153#93 Warning
Gated clock check  
Net uut/aludr/DMoutDR_reg[0]_430[0] is a gated clock net sourced by a combinational pin uut/aludr/memory_reg[84][7]_i_2/O, cell uut/aludr/memory_reg[84][7]_i_2. This is not good design practice and will likely impact performance. For SLICE registers, for example, use the CE pin to control the loading of data.
Related violations: <none>

PDRC-153#94 Warning
Gated clock check  
Net uut/aludr/DMoutDR_reg[0]_434[0] is a gated clock net sourced by a combinational pin uut/aludr/memory_reg[86][7]_i_2/O, cell uut/aludr/memory_reg[86][7]_i_2. This is not good design practice and will likely impact performance. For SLICE registers, for example, use the CE pin to control the loading of data.
Related violations: <none>

PDRC-153#95 Warning
Gated clock check  
Net uut/aludr/DMoutDR_reg[0]_438[0] is a gated clock net sourced by a combinational pin uut/aludr/memory_reg[88][7]_i_2/O, cell uut/aludr/memory_reg[88][7]_i_2. This is not good design practice and will likely impact performance. For SLICE registers, for example, use the CE pin to control the loading of data.
Related violations: <none>

PDRC-153#96 Warning
Gated clock check  
Net uut/aludr/DMoutDR_reg[0]_442[0] is a gated clock net sourced by a combinational pin uut/aludr/memory_reg[90][7]_i_2/O, cell uut/aludr/memory_reg[90][7]_i_2. This is not good design practice and will likely impact performance. For SLICE registers, for example, use the CE pin to control the loading of data.
Related violations: <none>

PDRC-153#97 Warning
Gated clock check  
Net uut/aludr/DMoutDR_reg[0]_446[0] is a gated clock net sourced by a combinational pin uut/aludr/memory_reg[92][7]_i_2/O, cell uut/aludr/memory_reg[92][7]_i_2. This is not good design practice and will likely impact performance. For SLICE registers, for example, use the CE pin to control the loading of data.
Related violations: <none>

PDRC-153#98 Warning
Gated clock check  
Net uut/aludr/DMoutDR_reg[0]_450[0] is a gated clock net sourced by a combinational pin uut/aludr/memory_reg[94][7]_i_2/O, cell uut/aludr/memory_reg[94][7]_i_2. This is not good design practice and will likely impact performance. For SLICE registers, for example, use the CE pin to control the loading of data.
Related violations: <none>

PDRC-153#99 Warning
Gated clock check  
Net uut/aludr/DMoutDR_reg[0]_454[0] is a gated clock net sourced by a combinational pin uut/aludr/memory_reg[96][7]_i_2/O, cell uut/aludr/memory_reg[96][7]_i_2. This is not good design practice and will likely impact performance. For SLICE registers, for example, use the CE pin to control the loading of data.
Related violations: <none>

PDRC-153#100 Warning
Gated clock check  
Net uut/aludr/DMoutDR_reg[0]_458[0] is a gated clock net sourced by a combinational pin uut/aludr/memory_reg[98][7]_i_2/O, cell uut/aludr/memory_reg[98][7]_i_2. This is not good design practice and will likely impact performance. For SLICE registers, for example, use the CE pin to control the loading of data.
Related violations: <none>

PDRC-153#101 Warning
Gated clock check  
Net uut/aludr/DMoutDR_reg[0]_462[0] is a gated clock net sourced by a combinational pin uut/aludr/memory_reg[100][7]_i_2/O, cell uut/aludr/memory_reg[100][7]_i_2. This is not good design practice and will likely impact performance. For SLICE registers, for example, use the CE pin to control the loading of data.
Related violations: <none>

PDRC-153#102 Warning
Gated clock check  
Net uut/aludr/DMoutDR_reg[0]_466[0] is a gated clock net sourced by a combinational pin uut/aludr/memory_reg[102][7]_i_2/O, cell uut/aludr/memory_reg[102][7]_i_2. This is not good design practice and will likely impact performance. For SLICE registers, for example, use the CE pin to control the loading of data.
Related violations: <none>

PDRC-153#103 Warning
Gated clock check  
Net uut/aludr/DMoutDR_reg[0]_46[0] is a gated clock net sourced by a combinational pin uut/aludr/memory_reg[109][7]_i_2/O, cell uut/aludr/memory_reg[109][7]_i_2. This is not good design practice and will likely impact performance. For SLICE registers, for example, use the CE pin to control the loading of data.
Related violations: <none>

PDRC-153#104 Warning
Gated clock check  
Net uut/aludr/DMoutDR_reg[0]_470[0] is a gated clock net sourced by a combinational pin uut/aludr/memory_reg[104][7]_i_2/O, cell uut/aludr/memory_reg[104][7]_i_2. This is not good design practice and will likely impact performance. For SLICE registers, for example, use the CE pin to control the loading of data.
Related violations: <none>

PDRC-153#105 Warning
Gated clock check  
Net uut/aludr/DMoutDR_reg[0]_474[0] is a gated clock net sourced by a combinational pin uut/aludr/memory_reg[106][7]_i_2/O, cell uut/aludr/memory_reg[106][7]_i_2. This is not good design practice and will likely impact performance. For SLICE registers, for example, use the CE pin to control the loading of data.
Related violations: <none>

PDRC-153#106 Warning
Gated clock check  
Net uut/aludr/DMoutDR_reg[0]_478[0] is a gated clock net sourced by a combinational pin uut/aludr/memory_reg[108][7]_i_2/O, cell uut/aludr/memory_reg[108][7]_i_2. This is not good design practice and will likely impact performance. For SLICE registers, for example, use the CE pin to control the loading of data.
Related violations: <none>

PDRC-153#107 Warning
Gated clock check  
Net uut/aludr/DMoutDR_reg[0]_482[0] is a gated clock net sourced by a combinational pin uut/aludr/memory_reg[110][7]_i_2/O, cell uut/aludr/memory_reg[110][7]_i_2. This is not good design practice and will likely impact performance. For SLICE registers, for example, use the CE pin to control the loading of data.
Related violations: <none>

PDRC-153#108 Warning
Gated clock check  
Net uut/aludr/DMoutDR_reg[0]_486[0] is a gated clock net sourced by a combinational pin uut/aludr/memory_reg[114][7]_i_2/O, cell uut/aludr/memory_reg[114][7]_i_2. This is not good design practice and will likely impact performance. For SLICE registers, for example, use the CE pin to control the loading of data.
Related violations: <none>

PDRC-153#109 Warning
Gated clock check  
Net uut/aludr/DMoutDR_reg[0]_490[0] is a gated clock net sourced by a combinational pin uut/aludr/memory_reg[118][7]_i_2/O, cell uut/aludr/memory_reg[118][7]_i_2. This is not good design practice and will likely impact performance. For SLICE registers, for example, use the CE pin to control the loading of data.
Related violations: <none>

PDRC-153#110 Warning
Gated clock check  
Net uut/aludr/DMoutDR_reg[0]_494[0] is a gated clock net sourced by a combinational pin uut/aludr/memory_reg[122][7]_i_2/O, cell uut/aludr/memory_reg[122][7]_i_2. This is not good design practice and will likely impact performance. For SLICE registers, for example, use the CE pin to control the loading of data.
Related violations: <none>

PDRC-153#111 Warning
Gated clock check  
Net uut/aludr/DMoutDR_reg[0]_498[0] is a gated clock net sourced by a combinational pin uut/aludr/memory_reg[124][7]_i_2/O, cell uut/aludr/memory_reg[124][7]_i_2. This is not good design practice and will likely impact performance. For SLICE registers, for example, use the CE pin to control the loading of data.
Related violations: <none>

PDRC-153#112 Warning
Gated clock check  
Net uut/aludr/DMoutDR_reg[0]_502[0] is a gated clock net sourced by a combinational pin uut/aludr/memory_reg[126][7]_i_2/O, cell uut/aludr/memory_reg[126][7]_i_2. This is not good design practice and will likely impact performance. For SLICE registers, for example, use the CE pin to control the loading of data.
Related violations: <none>

PDRC-153#113 Warning
Gated clock check  
Net uut/aludr/DMoutDR_reg[0]_506[0] is a gated clock net sourced by a combinational pin uut/aludr/memory_reg[0][7]_i_2/O, cell uut/aludr/memory_reg[0][7]_i_2. This is not good design practice and will likely impact performance. For SLICE registers, for example, use the CE pin to control the loading of data.
Related violations: <none>

PDRC-153#114 Warning
Gated clock check  
Net uut/aludr/DMoutDR_reg[0]_50[0] is a gated clock net sourced by a combinational pin uut/aludr/memory_reg[107][7]_i_2/O, cell uut/aludr/memory_reg[107][7]_i_2. This is not good design practice and will likely impact performance. For SLICE registers, for example, use the CE pin to control the loading of data.
Related violations: <none>

PDRC-153#115 Warning
Gated clock check  
Net uut/aludr/DMoutDR_reg[0]_54[0] is a gated clock net sourced by a combinational pin uut/aludr/memory_reg[105][7]_i_2/O, cell uut/aludr/memory_reg[105][7]_i_2. This is not good design practice and will likely impact performance. For SLICE registers, for example, use the CE pin to control the loading of data.
Related violations: <none>

PDRC-153#116 Warning
Gated clock check  
Net uut/aludr/DMoutDR_reg[0]_58[0] is a gated clock net sourced by a combinational pin uut/aludr/memory_reg[103][7]_i_2/O, cell uut/aludr/memory_reg[103][7]_i_2. This is not good design practice and will likely impact performance. For SLICE registers, for example, use the CE pin to control the loading of data.
Related violations: <none>

PDRC-153#117 Warning
Gated clock check  
Net uut/aludr/DMoutDR_reg[0]_62[0] is a gated clock net sourced by a combinational pin uut/aludr/memory_reg[101][7]_i_2/O, cell uut/aludr/memory_reg[101][7]_i_2. This is not good design practice and will likely impact performance. For SLICE registers, for example, use the CE pin to control the loading of data.
Related violations: <none>

PDRC-153#118 Warning
Gated clock check  
Net uut/aludr/DMoutDR_reg[0]_66[0] is a gated clock net sourced by a combinational pin uut/aludr/memory_reg[99][7]_i_2/O, cell uut/aludr/memory_reg[99][7]_i_2. This is not good design practice and will likely impact performance. For SLICE registers, for example, use the CE pin to control the loading of data.
Related violations: <none>

PDRC-153#119 Warning
Gated clock check  
Net uut/aludr/DMoutDR_reg[0]_6[0] is a gated clock net sourced by a combinational pin uut/aludr/memory_reg[116][7]_i_2/O, cell uut/aludr/memory_reg[116][7]_i_2. This is not good design practice and will likely impact performance. For SLICE registers, for example, use the CE pin to control the loading of data.
Related violations: <none>

PDRC-153#120 Warning
Gated clock check  
Net uut/aludr/DMoutDR_reg[0]_70[0] is a gated clock net sourced by a combinational pin uut/aludr/memory_reg[97][7]_i_2/O, cell uut/aludr/memory_reg[97][7]_i_2. This is not good design practice and will likely impact performance. For SLICE registers, for example, use the CE pin to control the loading of data.
Related violations: <none>

PDRC-153#121 Warning
Gated clock check  
Net uut/aludr/DMoutDR_reg[0]_74[0] is a gated clock net sourced by a combinational pin uut/aludr/memory_reg[95][7]_i_2/O, cell uut/aludr/memory_reg[95][7]_i_2. This is not good design practice and will likely impact performance. For SLICE registers, for example, use the CE pin to control the loading of data.
Related violations: <none>

PDRC-153#122 Warning
Gated clock check  
Net uut/aludr/DMoutDR_reg[0]_78[0] is a gated clock net sourced by a combinational pin uut/aludr/memory_reg[93][7]_i_2/O, cell uut/aludr/memory_reg[93][7]_i_2. This is not good design practice and will likely impact performance. For SLICE registers, for example, use the CE pin to control the loading of data.
Related violations: <none>

PDRC-153#123 Warning
Gated clock check  
Net uut/aludr/DMoutDR_reg[0]_82[0] is a gated clock net sourced by a combinational pin uut/aludr/memory_reg[91][7]_i_2/O, cell uut/aludr/memory_reg[91][7]_i_2. This is not good design practice and will likely impact performance. For SLICE registers, for example, use the CE pin to control the loading of data.
Related violations: <none>

PDRC-153#124 Warning
Gated clock check  
Net uut/aludr/DMoutDR_reg[0]_86[0] is a gated clock net sourced by a combinational pin uut/aludr/memory_reg[89][7]_i_2/O, cell uut/aludr/memory_reg[89][7]_i_2. This is not good design practice and will likely impact performance. For SLICE registers, for example, use the CE pin to control the loading of data.
Related violations: <none>

PDRC-153#125 Warning
Gated clock check  
Net uut/aludr/DMoutDR_reg[0]_90[0] is a gated clock net sourced by a combinational pin uut/aludr/memory_reg[87][7]_i_2/O, cell uut/aludr/memory_reg[87][7]_i_2. This is not good design practice and will likely impact performance. For SLICE registers, for example, use the CE pin to control the loading of data.
Related violations: <none>

PDRC-153#126 Warning
Gated clock check  
Net uut/aludr/DMoutDR_reg[0]_94[0] is a gated clock net sourced by a combinational pin uut/aludr/memory_reg[85][7]_i_2/O, cell uut/aludr/memory_reg[85][7]_i_2. This is not good design practice and will likely impact performance. For SLICE registers, for example, use the CE pin to control the loading of data.
Related violations: <none>

PDRC-153#127 Warning
Gated clock check  
Net uut/aludr/DMoutDR_reg[0]_98[0] is a gated clock net sourced by a combinational pin uut/aludr/memory_reg[83][7]_i_2/O, cell uut/aludr/memory_reg[83][7]_i_2. This is not good design practice and will likely impact performance. For SLICE registers, for example, use the CE pin to control the loading of data.
Related violations: <none>

PDRC-153#128 Warning
Gated clock check  
Net uut/aludr/E[0] is a gated clock net sourced by a combinational pin uut/aludr/memory_reg[120][7]_i_2/O, cell uut/aludr/memory_reg[120][7]_i_2. This is not good design practice and will likely impact performance. For SLICE registers, for example, use the CE pin to control the loading of data.
Related violations: <none>


