Exception at PC 0x00007FFBC2E5A388
Unable to capture context for thread 5108 in process 11628, can not generate back trace
Unable to capture context for thread 10784 in process 11628, can not generate back trace
Unable to capture context for thread 1564 in process 11628, can not generate back trace
Exception at PC 0x00007FFBC2E5A388
Unable to capture context for thread 5108 in process 11628, can not generate back trace
Unable to capture context for thread 10784 in process 11628, can not generate back trace
Unable to capture context for thread 1564 in process 11628, can not generate back trace
Exception at PC 0x00007FFB3AEEBB93
Printing stacktrace...

Exception at PC 0x00007FFBC2E5A388
Exception at PC 0x00007FFBC2E5A388
Exception at PC 0x00007FFBC2E5A388
Exception at PC 0x00007FFBC2E5A388
Exception at PC 0x00007FFBC2E5A388
Exception at PC 0x00007FFBC2E5A388
Exception at PC 0x00007FFBC2E5A388
Exception at PC 0x00007FFBC2E5A388
Exception at PC 0x00007FFBC2E5A388
Exception at PC 0x00007FFBC2E5A388
Exception at PC 0x00007FFBC2E5A388
Exception at PC 0x00007FFBC2E5A388
Exception at PC 0x00007FFBC2E5A388
Exception at PC 0x00007FFBC2E5A388
Exception at PC 0x00007FFBC2E5A388
Exception at PC 0x00007FFBC2E5A388
Exception at PC 0x00007FFBC2E5A388
Exception at PC 0x00007FFBC2E5A388
[0]  [0x00007FFB3AEEBB93]
[1]  [0x00007FFB3AEEBB93]
[2]  [0x00007FFB3AEEB4A1]
[3]  [0x00007FFB3AEEB3EF]
[4]  [0x00007FFB3AED19FE]
[5]  [0x00007FFB3AED0ED1]
[6]  [0x00007FFB3AED0D76]
[7]  [0x00007FFB3AE779F6]
[8]  [0x00007FFB3AE67AFB]
[9]  [0x00007FFB3AF8E90A]
[10]  [0x00007FFB3AFA9F87]
[11]  [0x00007FFB3AFAA05F]
[12] (BaseThreadInitThunk+0x14) [0x00007FFBC3873034]
[13] (RtlUserThreadStart+0x21) [0x00007FFBC61E1431]
Done
