#-----------------------------------------------------------
# Vivado v2016.3 (64-bit)
# SW Build 1682563 on Mon Oct 10 19:07:27 MDT 2016
# IP Build 1681267 on Mon Oct 10 21:28:31 MDT 2016
# Start of session at: Wed Jun 27 22:04:07 2018
# Process ID: 10036
# Current directory: C:/Users/admin/Desktop/MultiCycleCPU-basy3version
# Command line: vivado.exe -gui_launcher_event rodinguilauncherevent13072 C:\Users\admin\Desktop\MultiCycleCPU-basy3version\MultiCycleCPU-basy3version.xpr
# Log file: C:/Users/admin/Desktop/MultiCycleCPU-basy3version/vivado.log
# Journal file: C:/Users/admin/Desktop/MultiCycleCPU-basy3version\vivado.jou
#-----------------------------------------------------------
start_gui
open_project C:/Users/admin/Desktop/MultiCycleCPU-basy3version/MultiCycleCPU-basy3version.xpr
Scanning sources...
Finished scanning sources
WARNING: [filemgmt 56-3] IP Output Repository Path: Could not find the directory 'C:/Users/admin/Desktop/MultiCycleCPU-basy3version/MultiCycleCPU-basy3version.cache/ip'.
INFO: [IP_Flow 19-234] Refreshing IP repositories
INFO: [IP_Flow 19-1704] No user IP repositories specified
INFO: [IP_Flow 19-2313] Loaded Vivado IP repository 'D:/Vivado/Vivado/2016.3/data/ip'.
open_project: Time (s): cpu = 00:00:13 ; elapsed = 00:00:19 . Memory (MB): peak = 719.984 ; gain = 118.352
exit
INFO: [Common 17-206] Exiting Vivado at Wed Jun 27 22:40:19 2018...
