#-----------------------------------------------------------
# Vivado v2016.3 (64-bit)
# SW Build 1682563 on Mon Oct 10 19:07:27 MDT 2016
# IP Build 1681267 on Mon Oct 10 21:28:31 MDT 2016
# Start of session at: Wed May 23 19:14:28 2018
# Process ID: 10100
# Current directory: C:/Users/admin/Desktop/CPU/MonoCycleCPU
# Command line: vivado.exe -gui_launcher_event rodinguilauncherevent8400 C:\Users\admin\Desktop\CPU\MonoCycleCPU\MonoCycleCPU.xpr
# Log file: C:/Users/admin/Desktop/CPU/MonoCycleCPU/vivado.log
# Journal file: C:/Users/admin/Desktop/CPU/MonoCycleCPU\vivado.jou
#-----------------------------------------------------------
start_gui
open_project C:/Users/admin/Desktop/CPU/MonoCycleCPU/MonoCycleCPU.xpr
Scanning sources...
Finished scanning sources
WARNING: [filemgmt 56-3] IP Output Repository Path: Could not find the directory 'C:/Users/admin/Desktop/CPU/MonoCycleCPU/MonoCycleCPU.cache/ip'.
INFO: [IP_Flow 19-234] Refreshing IP repositories
INFO: [IP_Flow 19-1704] No user IP repositories specified
INFO: [IP_Flow 19-2313] Loaded Vivado IP repository 'D:/Vivado/Vivado/2016.3/data/ip'.
open_project: Time (s): cpu = 00:00:13 ; elapsed = 00:01:32 . Memory (MB): peak = 686.469 ; gain = 85.848
launch_simulation
INFO: [SIM-utils-51] Simulation object is 'sim_1'
INFO: [USF-XSim-37] Inspecting design source files for 'test' in fileset 'sim_1'...
INFO: [USF-XSim-97] Finding global include files...
INFO: [USF-XSim-98] Fetching design files from 'sim_1'...
INFO: [USF-XSim-2] XSim::Compile design
INFO: [USF-XSim-61] Executing 'COMPILE and ANALYZE' step in 'C:/Users/admin/Desktop/CPU/MonoCycleCPU/MonoCycleCPU.sim/sim_1/behav'
"xvlog -m64 --relax -prj test_vlog.prj"
INFO: [VRFC 10-2263] Analyzing Verilog file "C:/Users/admin/Desktop/CPU/MonoCycleCPU/MonoCycleCPU.srcs/sources_1/new/SignZeroExtend.v" into library xil_defaultlib
INFO: [VRFC 10-311] analyzing module SignZeroExtend
INFO: [VRFC 10-2263] Analyzing Verilog file "C:/Users/admin/Desktop/CPU/MonoCycleCPU/MonoCycleCPU.srcs/sources_1/new/RegisterFile.v" into library xil_defaultlib
INFO: [VRFC 10-311] analyzing module RegisterFile
INFO: [VRFC 10-2263] Analyzing Verilog file "C:/Users/admin/Desktop/CPU/MonoCycleCPU/MonoCycleCPU.srcs/sources_1/new/PC.v" into library xil_defaultlib
INFO: [VRFC 10-311] analyzing module PC
INFO: [VRFC 10-2263] Analyzing Verilog file "C:/Users/admin/Desktop/CPU/MonoCycleCPU/MonoCycleCPU.srcs/sources_1/new/InstructionMemory.v" into library xil_defaultlib
INFO: [VRFC 10-311] analyzing module InstructionMemory
INFO: [VRFC 10-2263] Analyzing Verilog file "C:/Users/admin/Desktop/CPU/MonoCycleCPU/MonoCycleCPU.srcs/sources_1/new/DataMemory.v" into library xil_defaultlib
INFO: [VRFC 10-311] analyzing module DataMemory
INFO: [VRFC 10-2263] Analyzing Verilog file "C:/Users/admin/Desktop/CPU/MonoCycleCPU/MonoCycleCPU.srcs/sources_1/new/ControlUnit.v" into library xil_defaultlib
INFO: [VRFC 10-311] analyzing module ControlUnit
INFO: [VRFC 10-2263] Analyzing Verilog file "C:/Users/admin/Desktop/CPU/MonoCycleCPU/MonoCycleCPU.srcs/sources_1/new/ALU.v" into library xil_defaultlib
INFO: [VRFC 10-311] analyzing module ALU
INFO: [VRFC 10-2263] Analyzing Verilog file "C:/Users/admin/Desktop/CPU/MonoCycleCPU/MonoCycleCPU.srcs/sources_1/new/MonoCycleCPU.v" into library xil_defaultlib
INFO: [VRFC 10-311] analyzing module MonoCycleCPU
INFO: [VRFC 10-2263] Analyzing Verilog file "C:/Users/admin/Desktop/CPU/MonoCycleCPU/MonoCycleCPU.srcs/sim_1/new/test.v" into library xil_defaultlib
INFO: [VRFC 10-311] analyzing module test
INFO: [VRFC 10-2263] Analyzing Verilog file "C:/Users/admin/Desktop/CPU/MonoCycleCPU/MonoCycleCPU.sim/sim_1/behav/glbl.v" into library xil_defaultlib
INFO: [VRFC 10-311] analyzing module glbl
run_program: Time (s): cpu = 00:00:01 ; elapsed = 00:00:06 . Memory (MB): peak = 775.355 ; gain = 0.000
INFO: [USF-XSim-69] 'compile' step finished in '6' seconds
INFO: [USF-XSim-3] XSim::Elaborate design
INFO: [USF-XSim-61] Executing 'ELABORATE' step in 'C:/Users/admin/Desktop/CPU/MonoCycleCPU/MonoCycleCPU.sim/sim_1/behav'
Vivado Simulator 2016.3
Copyright 1986-1999, 2001-2016 Xilinx, Inc. All Rights Reserved.
Running: D:/Vivado/Vivado/2016.3/bin/unwrapped/win64.o/xelab.exe -wto a0cc8489957e4fac8d130c3d5416bd2c --debug typical --relax --mt 2 -L xil_defaultlib -L unisims_ver -L unimacro_ver -L secureip --snapshot test_behav xil_defaultlib.test xil_defaultlib.glbl -log elaborate.log 
Using 2 slave threads.
Starting static elaboration
WARNING: [VRFC 10-278] actual bit length 16 differs from formal bit length 11 for port immediate [C:/Users/admin/Desktop/CPU/MonoCycleCPU/MonoCycleCPU.srcs/sources_1/new/MonoCycleCPU.v:41]
Completed static elaboration
Starting simulation data flow analysis
Completed simulation data flow analysis
Time Resolution for simulation is 1ps
Compiling module xil_defaultlib.PC
Compiling module xil_defaultlib.ALU
Compiling module xil_defaultlib.ControlUnit
Compiling module xil_defaultlib.DataMemory
Compiling module xil_defaultlib.InstructionMemory
Compiling module xil_defaultlib.RegisterFile
Compiling module xil_defaultlib.SignZeroExtend
Compiling module xil_defaultlib.MonoCycleCPU
Compiling module xil_defaultlib.test
Compiling module xil_defaultlib.glbl
Built simulation snapshot test_behav

****** Webtalk v2016.3 (64-bit)
  **** SW Build 1682563 on Mon Oct 10 19:07:27 MDT 2016
  **** IP Build 1681267 on Mon Oct 10 21:28:31 MDT 2016
    ** Copyright 1986-2016 Xilinx, Inc. All Rights Reserved.

source C:/Users/admin/Desktop/CPU/MonoCycleCPU/MonoCycleCPU.sim/sim_1/behav/xsim.dir/test_behav/webtalk/xsim_webtalk.tcl -notrace
INFO: [Common 17-186] 'C:/Users/admin/Desktop/CPU/MonoCycleCPU/MonoCycleCPU.sim/sim_1/behav/xsim.dir/test_behav/webtalk/usage_statistics_ext_xsim.xml' has been successfully sent to Xilinx on Wed May 23 21:13:45 2018. For additional details about this file, please refer to the WebTalk help file at D:/Vivado/Vivado/2016.3/doc/webtalk_introduction.html.
INFO: [Common 17-206] Exiting Webtalk at Wed May 23 21:13:45 2018...
run_program: Time (s): cpu = 00:00:00 ; elapsed = 00:00:19 . Memory (MB): peak = 775.355 ; gain = 0.000
INFO: [USF-XSim-69] 'elaborate' step finished in '19' seconds
INFO: [USF-XSim-4] XSim::Simulate design
INFO: [USF-XSim-61] Executing 'SIMULATE' step in 'C:/Users/admin/Desktop/CPU/MonoCycleCPU/MonoCycleCPU.sim/sim_1/behav'
INFO: [USF-XSim-98] *** Running xsim
   with args "test_behav -key {Behavioral:sim_1:Functional:test} -tclbatch {test.tcl} -log {simulate.log}"
INFO: [USF-XSim-8] Loading simulator feature
Vivado Simulator 2016.3
Time resolution is 1 ps
source test.tcl
# set curr_wave [current_wave_config]
# if { [string length $curr_wave] == 0 } {
#   if { [llength [get_objects]] > 0} {
#     add_wave /
#     set_property needs_save false [current_wave_config]
#   } else {
#      send_msg_id Add_Wave-1 WARNING "No top level signals found. Simulator will start without a wave window. If you want to open a wave window go to 'File->New Waveform Configuration' or type 'create_wave_config' in the TCL console."
#   }
# }
# run 1000ns
xsim: Time (s): cpu = 00:00:05 ; elapsed = 00:00:07 . Memory (MB): peak = 775.355 ; gain = 0.000
INFO: [USF-XSim-96] XSim completed. Design snapshot 'test_behav' loaded.
INFO: [USF-XSim-97] XSim simulation ran for 1000ns
launch_simulation: Time (s): cpu = 00:00:06 ; elapsed = 00:00:38 . Memory (MB): peak = 775.355 ; gain = 0.000
run 100 ns
run 100 ns
run 100 ns
run 100 ns
run 100 ns
run 100 ns
run 100 ns
run 100 ns
run 100 ns
run 100 ns
close_sim
INFO: [Simtcl 6-16] Simulation closed
close_sim: Time (s): cpu = 00:00:00 ; elapsed = 00:00:08 . Memory (MB): peak = 848.313 ; gain = 0.000
launch_simulation
INFO: [SIM-utils-51] Simulation object is 'sim_1'
INFO: [USF-XSim-37] Inspecting design source files for 'test' in fileset 'sim_1'...
INFO: [USF-XSim-97] Finding global include files...
INFO: [USF-XSim-98] Fetching design files from 'sim_1'...
INFO: [USF-XSim-2] XSim::Compile design
INFO: [USF-XSim-61] Executing 'COMPILE and ANALYZE' step in 'C:/Users/admin/Desktop/CPU/MonoCycleCPU/MonoCycleCPU.sim/sim_1/behav'
"xvlog -m64 --relax -prj test_vlog.prj"
INFO: [VRFC 10-2263] Analyzing Verilog file "C:/Users/admin/Desktop/CPU/MonoCycleCPU/MonoCycleCPU.srcs/sources_1/new/SignZeroExtend.v" into library xil_defaultlib
INFO: [VRFC 10-311] analyzing module SignZeroExtend
INFO: [VRFC 10-2263] Analyzing Verilog file "C:/Users/admin/Desktop/CPU/MonoCycleCPU/MonoCycleCPU.srcs/sources_1/new/RegisterFile.v" into library xil_defaultlib
INFO: [VRFC 10-311] analyzing module RegisterFile
INFO: [VRFC 10-2263] Analyzing Verilog file "C:/Users/admin/Desktop/CPU/MonoCycleCPU/MonoCycleCPU.srcs/sources_1/new/PC.v" into library xil_defaultlib
INFO: [VRFC 10-311] analyzing module PC
INFO: [VRFC 10-2263] Analyzing Verilog file "C:/Users/admin/Desktop/CPU/MonoCycleCPU/MonoCycleCPU.srcs/sources_1/new/InstructionMemory.v" into library xil_defaultlib
INFO: [VRFC 10-311] analyzing module InstructionMemory
INFO: [VRFC 10-2263] Analyzing Verilog file "C:/Users/admin/Desktop/CPU/MonoCycleCPU/MonoCycleCPU.srcs/sources_1/new/DataMemory.v" into library xil_defaultlib
INFO: [VRFC 10-311] analyzing module DataMemory
INFO: [VRFC 10-2263] Analyzing Verilog file "C:/Users/admin/Desktop/CPU/MonoCycleCPU/MonoCycleCPU.srcs/sources_1/new/ControlUnit.v" into library xil_defaultlib
INFO: [VRFC 10-311] analyzing module ControlUnit
INFO: [VRFC 10-2263] Analyzing Verilog file "C:/Users/admin/Desktop/CPU/MonoCycleCPU/MonoCycleCPU.srcs/sources_1/new/ALU.v" into library xil_defaultlib
INFO: [VRFC 10-311] analyzing module ALU
INFO: [VRFC 10-2263] Analyzing Verilog file "C:/Users/admin/Desktop/CPU/MonoCycleCPU/MonoCycleCPU.srcs/sources_1/new/MonoCycleCPU.v" into library xil_defaultlib
INFO: [VRFC 10-311] analyzing module MonoCycleCPU
INFO: [VRFC 10-2263] Analyzing Verilog file "C:/Users/admin/Desktop/CPU/MonoCycleCPU/MonoCycleCPU.srcs/sim_1/new/test.v" into library xil_defaultlib
INFO: [VRFC 10-311] analyzing module test
INFO: [VRFC 10-2263] Analyzing Verilog file "C:/Users/admin/Desktop/CPU/MonoCycleCPU/MonoCycleCPU.sim/sim_1/behav/glbl.v" into library xil_defaultlib
INFO: [VRFC 10-311] analyzing module glbl
INFO: [USF-XSim-69] 'compile' step finished in '1' seconds
INFO: [USF-XSim-3] XSim::Elaborate design
INFO: [USF-XSim-61] Executing 'ELABORATE' step in 'C:/Users/admin/Desktop/CPU/MonoCycleCPU/MonoCycleCPU.sim/sim_1/behav'
Vivado Simulator 2016.3
Copyright 1986-1999, 2001-2016 Xilinx, Inc. All Rights Reserved.
Running: D:/Vivado/Vivado/2016.3/bin/unwrapped/win64.o/xelab.exe -wto a0cc8489957e4fac8d130c3d5416bd2c --debug typical --relax --mt 2 -L xil_defaultlib -L unisims_ver -L unimacro_ver -L secureip --snapshot test_behav xil_defaultlib.test xil_defaultlib.glbl -log elaborate.log 
Using 2 slave threads.
Starting static elaboration
WARNING: [VRFC 10-278] actual bit length 16 differs from formal bit length 11 for port immediate [C:/Users/admin/Desktop/CPU/MonoCycleCPU/MonoCycleCPU.srcs/sources_1/new/MonoCycleCPU.v:41]
Completed static elaboration
Starting simulation data flow analysis
Completed simulation data flow analysis
Time Resolution for simulation is 1ps
Compiling module xil_defaultlib.PC
Compiling module xil_defaultlib.ALU
Compiling module xil_defaultlib.ControlUnit
Compiling module xil_defaultlib.DataMemory
Compiling module xil_defaultlib.InstructionMemory
Compiling module xil_defaultlib.RegisterFile
Compiling module xil_defaultlib.SignZeroExtend
Compiling module xil_defaultlib.MonoCycleCPU
Compiling module xil_defaultlib.test
Compiling module xil_defaultlib.glbl
Built simulation snapshot test_behav

****** Webtalk v2016.3 (64-bit)
  **** SW Build 1682563 on Mon Oct 10 19:07:27 MDT 2016
  **** IP Build 1681267 on Mon Oct 10 21:28:31 MDT 2016
    ** Copyright 1986-2016 Xilinx, Inc. All Rights Reserved.

source C:/Users/admin/Desktop/CPU/MonoCycleCPU/MonoCycleCPU.sim/sim_1/behav/xsim.dir/test_behav/webtalk/xsim_webtalk.tcl -notrace
INFO: [Common 17-186] 'C:/Users/admin/Desktop/CPU/MonoCycleCPU/MonoCycleCPU.sim/sim_1/behav/xsim.dir/test_behav/webtalk/usage_statistics_ext_xsim.xml' has been successfully sent to Xilinx on Wed May 23 21:37:38 2018. For additional details about this file, please refer to the WebTalk help file at D:/Vivado/Vivado/2016.3/doc/webtalk_introduction.html.
INFO: [Common 17-206] Exiting Webtalk at Wed May 23 21:37:38 2018...
run_program: Time (s): cpu = 00:00:00 ; elapsed = 00:00:08 . Memory (MB): peak = 848.313 ; gain = 0.000
INFO: [USF-XSim-69] 'elaborate' step finished in '8' seconds
INFO: [USF-XSim-4] XSim::Simulate design
INFO: [USF-XSim-61] Executing 'SIMULATE' step in 'C:/Users/admin/Desktop/CPU/MonoCycleCPU/MonoCycleCPU.sim/sim_1/behav'
INFO: [USF-XSim-98] *** Running xsim
   with args "test_behav -key {Behavioral:sim_1:Functional:test} -tclbatch {test.tcl} -log {simulate.log}"
INFO: [USF-XSim-8] Loading simulator feature
Vivado Simulator 2016.3
Time resolution is 1 ps
source test.tcl
# set curr_wave [current_wave_config]
# if { [string length $curr_wave] == 0 } {
#   if { [llength [get_objects]] > 0} {
#     add_wave /
#     set_property needs_save false [current_wave_config]
#   } else {
#      send_msg_id Add_Wave-1 WARNING "No top level signals found. Simulator will start without a wave window. If you want to open a wave window go to 'File->New Waveform Configuration' or type 'create_wave_config' in the TCL console."
#   }
# }
# run 1000ns
INFO: [USF-XSim-96] XSim completed. Design snapshot 'test_behav' loaded.
INFO: [USF-XSim-97] XSim simulation ran for 1000ns
launch_simulation: Time (s): cpu = 00:00:04 ; elapsed = 00:00:12 . Memory (MB): peak = 848.313 ; gain = 0.000
close_sim
INFO: [Simtcl 6-16] Simulation closed
close_sim: Time (s): cpu = 00:00:01 ; elapsed = 00:00:06 . Memory (MB): peak = 848.313 ; gain = 0.000
launch_simulation
INFO: [SIM-utils-51] Simulation object is 'sim_1'
INFO: [USF-XSim-37] Inspecting design source files for 'test' in fileset 'sim_1'...
INFO: [USF-XSim-97] Finding global include files...
INFO: [USF-XSim-98] Fetching design files from 'sim_1'...
INFO: [USF-XSim-2] XSim::Compile design
INFO: [USF-XSim-61] Executing 'COMPILE and ANALYZE' step in 'C:/Users/admin/Desktop/CPU/MonoCycleCPU/MonoCycleCPU.sim/sim_1/behav'
"xvlog -m64 --relax -prj test_vlog.prj"
INFO: [VRFC 10-2263] Analyzing Verilog file "C:/Users/admin/Desktop/CPU/MonoCycleCPU/MonoCycleCPU.srcs/sources_1/new/SignZeroExtend.v" into library xil_defaultlib
INFO: [VRFC 10-311] analyzing module SignZeroExtend
INFO: [VRFC 10-2263] Analyzing Verilog file "C:/Users/admin/Desktop/CPU/MonoCycleCPU/MonoCycleCPU.srcs/sources_1/new/RegisterFile.v" into library xil_defaultlib
INFO: [VRFC 10-311] analyzing module RegisterFile
INFO: [VRFC 10-2263] Analyzing Verilog file "C:/Users/admin/Desktop/CPU/MonoCycleCPU/MonoCycleCPU.srcs/sources_1/new/PC.v" into library xil_defaultlib
INFO: [VRFC 10-311] analyzing module PC
INFO: [VRFC 10-2263] Analyzing Verilog file "C:/Users/admin/Desktop/CPU/MonoCycleCPU/MonoCycleCPU.srcs/sources_1/new/InstructionMemory.v" into library xil_defaultlib
INFO: [VRFC 10-311] analyzing module InstructionMemory
INFO: [VRFC 10-2263] Analyzing Verilog file "C:/Users/admin/Desktop/CPU/MonoCycleCPU/MonoCycleCPU.srcs/sources_1/new/DataMemory.v" into library xil_defaultlib
INFO: [VRFC 10-311] analyzing module DataMemory
INFO: [VRFC 10-2263] Analyzing Verilog file "C:/Users/admin/Desktop/CPU/MonoCycleCPU/MonoCycleCPU.srcs/sources_1/new/ControlUnit.v" into library xil_defaultlib
INFO: [VRFC 10-311] analyzing module ControlUnit
INFO: [VRFC 10-2263] Analyzing Verilog file "C:/Users/admin/Desktop/CPU/MonoCycleCPU/MonoCycleCPU.srcs/sources_1/new/ALU.v" into library xil_defaultlib
INFO: [VRFC 10-311] analyzing module ALU
INFO: [VRFC 10-2263] Analyzing Verilog file "C:/Users/admin/Desktop/CPU/MonoCycleCPU/MonoCycleCPU.srcs/sources_1/new/MonoCycleCPU.v" into library xil_defaultlib
INFO: [VRFC 10-311] analyzing module MonoCycleCPU
INFO: [VRFC 10-2263] Analyzing Verilog file "C:/Users/admin/Desktop/CPU/MonoCycleCPU/MonoCycleCPU.srcs/sim_1/new/test.v" into library xil_defaultlib
INFO: [VRFC 10-311] analyzing module test
INFO: [VRFC 10-2263] Analyzing Verilog file "C:/Users/admin/Desktop/CPU/MonoCycleCPU/MonoCycleCPU.sim/sim_1/behav/glbl.v" into library xil_defaultlib
INFO: [VRFC 10-311] analyzing module glbl
INFO: [USF-XSim-69] 'compile' step finished in '2' seconds
INFO: [USF-XSim-3] XSim::Elaborate design
INFO: [USF-XSim-61] Executing 'ELABORATE' step in 'C:/Users/admin/Desktop/CPU/MonoCycleCPU/MonoCycleCPU.sim/sim_1/behav'
Vivado Simulator 2016.3
Copyright 1986-1999, 2001-2016 Xilinx, Inc. All Rights Reserved.
Running: D:/Vivado/Vivado/2016.3/bin/unwrapped/win64.o/xelab.exe -wto a0cc8489957e4fac8d130c3d5416bd2c --debug typical --relax --mt 2 -L xil_defaultlib -L unisims_ver -L unimacro_ver -L secureip --snapshot test_behav xil_defaultlib.test xil_defaultlib.glbl -log elaborate.log 
Using 2 slave threads.
Starting static elaboration
WARNING: [VRFC 10-278] actual bit length 16 differs from formal bit length 11 for port immediate [C:/Users/admin/Desktop/CPU/MonoCycleCPU/MonoCycleCPU.srcs/sources_1/new/MonoCycleCPU.v:41]
Completed static elaboration
Starting simulation data flow analysis
Completed simulation data flow analysis
Time Resolution for simulation is 1ps
Compiling module xil_defaultlib.PC
Compiling module xil_defaultlib.ALU
Compiling module xil_defaultlib.ControlUnit
Compiling module xil_defaultlib.DataMemory
Compiling module xil_defaultlib.InstructionMemory
Compiling module xil_defaultlib.RegisterFile
Compiling module xil_defaultlib.SignZeroExtend
Compiling module xil_defaultlib.MonoCycleCPU
Compiling module xil_defaultlib.test
Compiling module xil_defaultlib.glbl
Built simulation snapshot test_behav

****** Webtalk v2016.3 (64-bit)
  **** SW Build 1682563 on Mon Oct 10 19:07:27 MDT 2016
  **** IP Build 1681267 on Mon Oct 10 21:28:31 MDT 2016
    ** Copyright 1986-2016 Xilinx, Inc. All Rights Reserved.

source C:/Users/admin/Desktop/CPU/MonoCycleCPU/MonoCycleCPU.sim/sim_1/behav/xsim.dir/test_behav/webtalk/xsim_webtalk.tcl -notrace
INFO: [Common 17-186] 'C:/Users/admin/Desktop/CPU/MonoCycleCPU/MonoCycleCPU.sim/sim_1/behav/xsim.dir/test_behav/webtalk/usage_statistics_ext_xsim.xml' has been successfully sent to Xilinx on Wed May 23 21:50:54 2018. For additional details about this file, please refer to the WebTalk help file at D:/Vivado/Vivado/2016.3/doc/webtalk_introduction.html.
INFO: [Common 17-206] Exiting Webtalk at Wed May 23 21:50:54 2018...
run_program: Time (s): cpu = 00:00:00 ; elapsed = 00:00:06 . Memory (MB): peak = 848.313 ; gain = 0.000
INFO: [USF-XSim-69] 'elaborate' step finished in '6' seconds
INFO: [USF-XSim-4] XSim::Simulate design
INFO: [USF-XSim-61] Executing 'SIMULATE' step in 'C:/Users/admin/Desktop/CPU/MonoCycleCPU/MonoCycleCPU.sim/sim_1/behav'
INFO: [USF-XSim-98] *** Running xsim
   with args "test_behav -key {Behavioral:sim_1:Functional:test} -tclbatch {test.tcl} -log {simulate.log}"
INFO: [USF-XSim-8] Loading simulator feature
Vivado Simulator 2016.3
Time resolution is 1 ps
source test.tcl
# set curr_wave [current_wave_config]
# if { [string length $curr_wave] == 0 } {
#   if { [llength [get_objects]] > 0} {
#     add_wave /
#     set_property needs_save false [current_wave_config]
#   } else {
#      send_msg_id Add_Wave-1 WARNING "No top level signals found. Simulator will start without a wave window. If you want to open a wave window go to 'File->New Waveform Configuration' or type 'create_wave_config' in the TCL console."
#   }
# }
# run 1000ns
INFO: [USF-XSim-96] XSim completed. Design snapshot 'test_behav' loaded.
INFO: [USF-XSim-97] XSim simulation ran for 1000ns
launch_simulation: Time (s): cpu = 00:00:02 ; elapsed = 00:00:10 . Memory (MB): peak = 848.313 ; gain = 0.000
close_sim
INFO: [Simtcl 6-16] Simulation closed
close_sim: Time (s): cpu = 00:00:00 ; elapsed = 00:00:06 . Memory (MB): peak = 848.313 ; gain = 0.000
launch_simulation
INFO: [SIM-utils-51] Simulation object is 'sim_1'
INFO: [USF-XSim-37] Inspecting design source files for 'test' in fileset 'sim_1'...
INFO: [USF-XSim-97] Finding global include files...
INFO: [USF-XSim-98] Fetching design files from 'sim_1'...
INFO: [USF-XSim-2] XSim::Compile design
INFO: [USF-XSim-61] Executing 'COMPILE and ANALYZE' step in 'C:/Users/admin/Desktop/CPU/MonoCycleCPU/MonoCycleCPU.sim/sim_1/behav'
"xvlog -m64 --relax -prj test_vlog.prj"
INFO: [VRFC 10-2263] Analyzing Verilog file "C:/Users/admin/Desktop/CPU/MonoCycleCPU/MonoCycleCPU.srcs/sources_1/new/SignZeroExtend.v" into library xil_defaultlib
INFO: [VRFC 10-311] analyzing module SignZeroExtend
INFO: [VRFC 10-2263] Analyzing Verilog file "C:/Users/admin/Desktop/CPU/MonoCycleCPU/MonoCycleCPU.srcs/sources_1/new/RegisterFile.v" into library xil_defaultlib
INFO: [VRFC 10-311] analyzing module RegisterFile
INFO: [VRFC 10-2263] Analyzing Verilog file "C:/Users/admin/Desktop/CPU/MonoCycleCPU/MonoCycleCPU.srcs/sources_1/new/PC.v" into library xil_defaultlib
INFO: [VRFC 10-311] analyzing module PC
INFO: [VRFC 10-2263] Analyzing Verilog file "C:/Users/admin/Desktop/CPU/MonoCycleCPU/MonoCycleCPU.srcs/sources_1/new/InstructionMemory.v" into library xil_defaultlib
INFO: [VRFC 10-311] analyzing module InstructionMemory
INFO: [VRFC 10-2263] Analyzing Verilog file "C:/Users/admin/Desktop/CPU/MonoCycleCPU/MonoCycleCPU.srcs/sources_1/new/DataMemory.v" into library xil_defaultlib
INFO: [VRFC 10-311] analyzing module DataMemory
INFO: [VRFC 10-2263] Analyzing Verilog file "C:/Users/admin/Desktop/CPU/MonoCycleCPU/MonoCycleCPU.srcs/sources_1/new/ControlUnit.v" into library xil_defaultlib
INFO: [VRFC 10-311] analyzing module ControlUnit
INFO: [VRFC 10-2263] Analyzing Verilog file "C:/Users/admin/Desktop/CPU/MonoCycleCPU/MonoCycleCPU.srcs/sources_1/new/ALU.v" into library xil_defaultlib
INFO: [VRFC 10-311] analyzing module ALU
INFO: [VRFC 10-2263] Analyzing Verilog file "C:/Users/admin/Desktop/CPU/MonoCycleCPU/MonoCycleCPU.srcs/sources_1/new/MonoCycleCPU.v" into library xil_defaultlib
INFO: [VRFC 10-311] analyzing module MonoCycleCPU
INFO: [VRFC 10-2263] Analyzing Verilog file "C:/Users/admin/Desktop/CPU/MonoCycleCPU/MonoCycleCPU.srcs/sim_1/new/test.v" into library xil_defaultlib
INFO: [VRFC 10-311] analyzing module test
INFO: [VRFC 10-2263] Analyzing Verilog file "C:/Users/admin/Desktop/CPU/MonoCycleCPU/MonoCycleCPU.sim/sim_1/behav/glbl.v" into library xil_defaultlib
INFO: [VRFC 10-311] analyzing module glbl
INFO: [USF-XSim-69] 'compile' step finished in '2' seconds
INFO: [USF-XSim-3] XSim::Elaborate design
INFO: [USF-XSim-61] Executing 'ELABORATE' step in 'C:/Users/admin/Desktop/CPU/MonoCycleCPU/MonoCycleCPU.sim/sim_1/behav'
Vivado Simulator 2016.3
Copyright 1986-1999, 2001-2016 Xilinx, Inc. All Rights Reserved.
Running: D:/Vivado/Vivado/2016.3/bin/unwrapped/win64.o/xelab.exe -wto a0cc8489957e4fac8d130c3d5416bd2c --debug typical --relax --mt 2 -L xil_defaultlib -L unisims_ver -L unimacro_ver -L secureip --snapshot test_behav xil_defaultlib.test xil_defaultlib.glbl -log elaborate.log 
Using 2 slave threads.
Starting static elaboration
WARNING: [VRFC 10-278] actual bit length 16 differs from formal bit length 11 for port immediate [C:/Users/admin/Desktop/CPU/MonoCycleCPU/MonoCycleCPU.srcs/sources_1/new/MonoCycleCPU.v:41]
Completed static elaboration
Starting simulation data flow analysis
Completed simulation data flow analysis
Time Resolution for simulation is 1ps
Compiling module xil_defaultlib.PC
Compiling module xil_defaultlib.ALU
Compiling module xil_defaultlib.ControlUnit
Compiling module xil_defaultlib.DataMemory
Compiling module xil_defaultlib.InstructionMemory
Compiling module xil_defaultlib.RegisterFile
Compiling module xil_defaultlib.SignZeroExtend
Compiling module xil_defaultlib.MonoCycleCPU
Compiling module xil_defaultlib.test
Compiling module xil_defaultlib.glbl
Built simulation snapshot test_behav

****** Webtalk v2016.3 (64-bit)
  **** SW Build 1682563 on Mon Oct 10 19:07:27 MDT 2016
  **** IP Build 1681267 on Mon Oct 10 21:28:31 MDT 2016
    ** Copyright 1986-2016 Xilinx, Inc. All Rights Reserved.

source C:/Users/admin/Desktop/CPU/MonoCycleCPU/MonoCycleCPU.sim/sim_1/behav/xsim.dir/test_behav/webtalk/xsim_webtalk.tcl -notrace
INFO: [Common 17-186] 'C:/Users/admin/Desktop/CPU/MonoCycleCPU/MonoCycleCPU.sim/sim_1/behav/xsim.dir/test_behav/webtalk/usage_statistics_ext_xsim.xml' has been successfully sent to Xilinx on Wed May 23 22:00:10 2018. For additional details about this file, please refer to the WebTalk help file at D:/Vivado/Vivado/2016.3/doc/webtalk_introduction.html.
INFO: [Common 17-206] Exiting Webtalk at Wed May 23 22:00:10 2018...
run_program: Time (s): cpu = 00:00:00 ; elapsed = 00:00:06 . Memory (MB): peak = 848.313 ; gain = 0.000
INFO: [USF-XSim-69] 'elaborate' step finished in '6' seconds
INFO: [USF-XSim-4] XSim::Simulate design
INFO: [USF-XSim-61] Executing 'SIMULATE' step in 'C:/Users/admin/Desktop/CPU/MonoCycleCPU/MonoCycleCPU.sim/sim_1/behav'
INFO: [USF-XSim-98] *** Running xsim
   with args "test_behav -key {Behavioral:sim_1:Functional:test} -tclbatch {test.tcl} -log {simulate.log}"
INFO: [USF-XSim-8] Loading simulator feature
Vivado Simulator 2016.3
Time resolution is 1 ps
source test.tcl
# set curr_wave [current_wave_config]
# if { [string length $curr_wave] == 0 } {
#   if { [llength [get_objects]] > 0} {
#     add_wave /
#     set_property needs_save false [current_wave_config]
#   } else {
#      send_msg_id Add_Wave-1 WARNING "No top level signals found. Simulator will start without a wave window. If you want to open a wave window go to 'File->New Waveform Configuration' or type 'create_wave_config' in the TCL console."
#   }
# }
# run 1000ns
INFO: [USF-XSim-96] XSim completed. Design snapshot 'test_behav' loaded.
INFO: [USF-XSim-97] XSim simulation ran for 1000ns
launch_simulation: Time (s): cpu = 00:00:01 ; elapsed = 00:00:10 . Memory (MB): peak = 848.313 ; gain = 0.000
restart
INFO: [Simtcl 6-17] Simulation restarted
run 100 ns
run 100 ns
run 100 ns
restart
INFO: [Simtcl 6-17] Simulation restarted
run 100 ns
run 100 ns
run 100 ns
run 100 ns
run 100 ns
restart
INFO: [Simtcl 6-17] Simulation restarted
run 100 ns
run 100 ns
run 100 ns
run 100 ns
run 100 ns
run 100 ns
run 100 ns
run 100 ns
run 100 ns
run 100 ns
run 100 ns
run 100 ns
run 100 ns
run 100 ns
run 100 ns
run 100 ns
run 100 ns
run 100 ns
close_sim
INFO: [Simtcl 6-16] Simulation closed
close_sim: Time (s): cpu = 00:00:00 ; elapsed = 00:00:10 . Memory (MB): peak = 848.313 ; gain = 0.000
launch_simulation
INFO: [SIM-utils-51] Simulation object is 'sim_1'
INFO: [USF-XSim-37] Inspecting design source files for 'test' in fileset 'sim_1'...
INFO: [USF-XSim-97] Finding global include files...
INFO: [USF-XSim-98] Fetching design files from 'sim_1'...
INFO: [USF-XSim-2] XSim::Compile design
INFO: [USF-XSim-61] Executing 'COMPILE and ANALYZE' step in 'C:/Users/admin/Desktop/CPU/MonoCycleCPU/MonoCycleCPU.sim/sim_1/behav'
"xvlog -m64 --relax -prj test_vlog.prj"
INFO: [VRFC 10-2263] Analyzing Verilog file "C:/Users/admin/Desktop/CPU/MonoCycleCPU/MonoCycleCPU.srcs/sources_1/new/SignZeroExtend.v" into library xil_defaultlib
INFO: [VRFC 10-311] analyzing module SignZeroExtend
INFO: [VRFC 10-2263] Analyzing Verilog file "C:/Users/admin/Desktop/CPU/MonoCycleCPU/MonoCycleCPU.srcs/sources_1/new/RegisterFile.v" into library xil_defaultlib
INFO: [VRFC 10-311] analyzing module RegisterFile
INFO: [VRFC 10-2263] Analyzing Verilog file "C:/Users/admin/Desktop/CPU/MonoCycleCPU/MonoCycleCPU.srcs/sources_1/new/PC.v" into library xil_defaultlib
INFO: [VRFC 10-311] analyzing module PC
INFO: [VRFC 10-2263] Analyzing Verilog file "C:/Users/admin/Desktop/CPU/MonoCycleCPU/MonoCycleCPU.srcs/sources_1/new/InstructionMemory.v" into library xil_defaultlib
INFO: [VRFC 10-311] analyzing module InstructionMemory
INFO: [VRFC 10-2263] Analyzing Verilog file "C:/Users/admin/Desktop/CPU/MonoCycleCPU/MonoCycleCPU.srcs/sources_1/new/DataMemory.v" into library xil_defaultlib
INFO: [VRFC 10-311] analyzing module DataMemory
INFO: [VRFC 10-2263] Analyzing Verilog file "C:/Users/admin/Desktop/CPU/MonoCycleCPU/MonoCycleCPU.srcs/sources_1/new/ControlUnit.v" into library xil_defaultlib
INFO: [VRFC 10-311] analyzing module ControlUnit
INFO: [VRFC 10-2263] Analyzing Verilog file "C:/Users/admin/Desktop/CPU/MonoCycleCPU/MonoCycleCPU.srcs/sources_1/new/ALU.v" into library xil_defaultlib
INFO: [VRFC 10-311] analyzing module ALU
INFO: [VRFC 10-2263] Analyzing Verilog file "C:/Users/admin/Desktop/CPU/MonoCycleCPU/MonoCycleCPU.srcs/sources_1/new/MonoCycleCPU.v" into library xil_defaultlib
INFO: [VRFC 10-311] analyzing module MonoCycleCPU
INFO: [VRFC 10-2263] Analyzing Verilog file "C:/Users/admin/Desktop/CPU/MonoCycleCPU/MonoCycleCPU.srcs/sim_1/new/test.v" into library xil_defaultlib
INFO: [VRFC 10-311] analyzing module test
INFO: [VRFC 10-2263] Analyzing Verilog file "C:/Users/admin/Desktop/CPU/MonoCycleCPU/MonoCycleCPU.sim/sim_1/behav/glbl.v" into library xil_defaultlib
INFO: [VRFC 10-311] analyzing module glbl
INFO: [USF-XSim-69] 'compile' step finished in '3' seconds
INFO: [USF-XSim-3] XSim::Elaborate design
INFO: [USF-XSim-61] Executing 'ELABORATE' step in 'C:/Users/admin/Desktop/CPU/MonoCycleCPU/MonoCycleCPU.sim/sim_1/behav'
Vivado Simulator 2016.3
Copyright 1986-1999, 2001-2016 Xilinx, Inc. All Rights Reserved.
Running: D:/Vivado/Vivado/2016.3/bin/unwrapped/win64.o/xelab.exe -wto a0cc8489957e4fac8d130c3d5416bd2c --debug typical --relax --mt 2 -L xil_defaultlib -L unisims_ver -L unimacro_ver -L secureip --snapshot test_behav xil_defaultlib.test xil_defaultlib.glbl -log elaborate.log 
Using 2 slave threads.
Starting static elaboration
WARNING: [VRFC 10-278] actual bit length 16 differs from formal bit length 11 for port immediate [C:/Users/admin/Desktop/CPU/MonoCycleCPU/MonoCycleCPU.srcs/sources_1/new/MonoCycleCPU.v:41]
Completed static elaboration
Starting simulation data flow analysis
Completed simulation data flow analysis
Time Resolution for simulation is 1ps
Compiling module xil_defaultlib.PC
Compiling module xil_defaultlib.ALU
Compiling module xil_defaultlib.ControlUnit
Compiling module xil_defaultlib.DataMemory
Compiling module xil_defaultlib.InstructionMemory
Compiling module xil_defaultlib.RegisterFile
Compiling module xil_defaultlib.SignZeroExtend
Compiling module xil_defaultlib.MonoCycleCPU
Compiling module xil_defaultlib.test
Compiling module xil_defaultlib.glbl
Built simulation snapshot test_behav

****** Webtalk v2016.3 (64-bit)
  **** SW Build 1682563 on Mon Oct 10 19:07:27 MDT 2016
  **** IP Build 1681267 on Mon Oct 10 21:28:31 MDT 2016
    ** Copyright 1986-2016 Xilinx, Inc. All Rights Reserved.

source C:/Users/admin/Desktop/CPU/MonoCycleCPU/MonoCycleCPU.sim/sim_1/behav/xsim.dir/test_behav/webtalk/xsim_webtalk.tcl -notrace
INFO: [Common 17-186] 'C:/Users/admin/Desktop/CPU/MonoCycleCPU/MonoCycleCPU.sim/sim_1/behav/xsim.dir/test_behav/webtalk/usage_statistics_ext_xsim.xml' has been successfully sent to Xilinx on Thu May 24 09:07:19 2018. For additional details about this file, please refer to the WebTalk help file at D:/Vivado/Vivado/2016.3/doc/webtalk_introduction.html.
INFO: [Common 17-206] Exiting Webtalk at Thu May 24 09:07:19 2018...
run_program: Time (s): cpu = 00:00:00 ; elapsed = 00:00:14 . Memory (MB): peak = 848.313 ; gain = 0.000
INFO: [USF-XSim-69] 'elaborate' step finished in '14' seconds
INFO: [USF-XSim-4] XSim::Simulate design
INFO: [USF-XSim-61] Executing 'SIMULATE' step in 'C:/Users/admin/Desktop/CPU/MonoCycleCPU/MonoCycleCPU.sim/sim_1/behav'
INFO: [USF-XSim-98] *** Running xsim
   with args "test_behav -key {Behavioral:sim_1:Functional:test} -tclbatch {test.tcl} -log {simulate.log}"
INFO: [USF-XSim-8] Loading simulator feature
Vivado Simulator 2016.3
Time resolution is 1 ps
source test.tcl
# set curr_wave [current_wave_config]
# if { [string length $curr_wave] == 0 } {
#   if { [llength [get_objects]] > 0} {
#     add_wave /
#     set_property needs_save false [current_wave_config]
#   } else {
#      send_msg_id Add_Wave-1 WARNING "No top level signals found. Simulator will start without a wave window. If you want to open a wave window go to 'File->New Waveform Configuration' or type 'create_wave_config' in the TCL console."
#   }
# }
# run 1000ns
INFO: [USF-XSim-96] XSim completed. Design snapshot 'test_behav' loaded.
INFO: [USF-XSim-97] XSim simulation ran for 1000ns
launch_simulation: Time (s): cpu = 00:00:02 ; elapsed = 00:00:21 . Memory (MB): peak = 848.313 ; gain = 0.000
restart
INFO: [Simtcl 6-17] Simulation restarted
run 100 ns
run 100 ns
run 100 ns
run 100 ns
run 100 ns
run 100 ns
run 100 ns
run 100 ns
run 100 ns
run 100 ns
run 100 ns
run 100 ns
run 100 ns
run 100 ns
run 100 ns
run 100 ns
run 100 ns
run 100 ns
run 100 ns
run 100 ns
restart
INFO: [Simtcl 6-17] Simulation restarted
run 100 ns
run 100 ns
run 100 ns
run 100 ns
run 100 ns
run 100 ns
run 100 ns
run 100 ns
restart
INFO: [Simtcl 6-17] Simulation restarted
run 100 ns
run 100 ns
run 100 ns
run 100 ns
run 100 ns
run 100 ns
run 100 ns
run 100 ns
run all
INFO: [Common 17-41] Interrupt caught. Command should exit soon.
run: Time (s): cpu = 00:00:05 ; elapsed = 00:00:07 . Memory (MB): peak = 848.313 ; gain = 0.000
INFO: [Common 17-344] 'run' was cancelled
restart
INFO: [Simtcl 6-17] Simulation restarted
run 100 ns
run 100 ns
run 100 ns
run 100 ns
run 100 ns
run 100 ns
run 100 ns
run 100 ns
run 100 ns
close_sim
INFO: [Simtcl 6-16] Simulation closed
close_sim: Time (s): cpu = 00:00:00 ; elapsed = 00:00:06 . Memory (MB): peak = 848.313 ; gain = 0.000
launch_simulation
INFO: [SIM-utils-51] Simulation object is 'sim_1'
INFO: [USF-XSim-37] Inspecting design source files for 'test' in fileset 'sim_1'...
INFO: [USF-XSim-97] Finding global include files...
INFO: [USF-XSim-98] Fetching design files from 'sim_1'...
INFO: [USF-XSim-2] XSim::Compile design
INFO: [USF-XSim-61] Executing 'COMPILE and ANALYZE' step in 'C:/Users/admin/Desktop/CPU/MonoCycleCPU/MonoCycleCPU.sim/sim_1/behav'
"xvlog -m64 --relax -prj test_vlog.prj"
INFO: [VRFC 10-2263] Analyzing Verilog file "C:/Users/admin/Desktop/CPU/MonoCycleCPU/MonoCycleCPU.srcs/sources_1/new/SignZeroExtend.v" into library xil_defaultlib
INFO: [VRFC 10-311] analyzing module SignZeroExtend
INFO: [VRFC 10-2263] Analyzing Verilog file "C:/Users/admin/Desktop/CPU/MonoCycleCPU/MonoCycleCPU.srcs/sources_1/new/RegisterFile.v" into library xil_defaultlib
INFO: [VRFC 10-311] analyzing module RegisterFile
INFO: [VRFC 10-2263] Analyzing Verilog file "C:/Users/admin/Desktop/CPU/MonoCycleCPU/MonoCycleCPU.srcs/sources_1/new/PC.v" into library xil_defaultlib
INFO: [VRFC 10-311] analyzing module PC
INFO: [VRFC 10-2263] Analyzing Verilog file "C:/Users/admin/Desktop/CPU/MonoCycleCPU/MonoCycleCPU.srcs/sources_1/new/InstructionMemory.v" into library xil_defaultlib
INFO: [VRFC 10-311] analyzing module InstructionMemory
INFO: [VRFC 10-2263] Analyzing Verilog file "C:/Users/admin/Desktop/CPU/MonoCycleCPU/MonoCycleCPU.srcs/sources_1/new/DataMemory.v" into library xil_defaultlib
INFO: [VRFC 10-311] analyzing module DataMemory
INFO: [VRFC 10-2263] Analyzing Verilog file "C:/Users/admin/Desktop/CPU/MonoCycleCPU/MonoCycleCPU.srcs/sources_1/new/ControlUnit.v" into library xil_defaultlib
INFO: [VRFC 10-311] analyzing module ControlUnit
INFO: [VRFC 10-2263] Analyzing Verilog file "C:/Users/admin/Desktop/CPU/MonoCycleCPU/MonoCycleCPU.srcs/sources_1/new/ALU.v" into library xil_defaultlib
INFO: [VRFC 10-311] analyzing module ALU
INFO: [VRFC 10-2263] Analyzing Verilog file "C:/Users/admin/Desktop/CPU/MonoCycleCPU/MonoCycleCPU.srcs/sources_1/new/MonoCycleCPU.v" into library xil_defaultlib
INFO: [VRFC 10-311] analyzing module MonoCycleCPU
INFO: [VRFC 10-2263] Analyzing Verilog file "C:/Users/admin/Desktop/CPU/MonoCycleCPU/MonoCycleCPU.srcs/sim_1/new/test.v" into library xil_defaultlib
INFO: [VRFC 10-311] analyzing module test
INFO: [VRFC 10-2263] Analyzing Verilog file "C:/Users/admin/Desktop/CPU/MonoCycleCPU/MonoCycleCPU.sim/sim_1/behav/glbl.v" into library xil_defaultlib
INFO: [VRFC 10-311] analyzing module glbl
INFO: [USF-XSim-69] 'compile' step finished in '1' seconds
INFO: [USF-XSim-3] XSim::Elaborate design
INFO: [USF-XSim-61] Executing 'ELABORATE' step in 'C:/Users/admin/Desktop/CPU/MonoCycleCPU/MonoCycleCPU.sim/sim_1/behav'
Vivado Simulator 2016.3
Copyright 1986-1999, 2001-2016 Xilinx, Inc. All Rights Reserved.
Running: D:/Vivado/Vivado/2016.3/bin/unwrapped/win64.o/xelab.exe -wto a0cc8489957e4fac8d130c3d5416bd2c --debug typical --relax --mt 2 -L xil_defaultlib -L unisims_ver -L unimacro_ver -L secureip --snapshot test_behav xil_defaultlib.test xil_defaultlib.glbl -log elaborate.log 
Using 2 slave threads.
Starting static elaboration
WARNING: [VRFC 10-278] actual bit length 16 differs from formal bit length 11 for port immediate [C:/Users/admin/Desktop/CPU/MonoCycleCPU/MonoCycleCPU.srcs/sources_1/new/MonoCycleCPU.v:41]
Completed static elaboration
Starting simulation data flow analysis
Completed simulation data flow analysis
Time Resolution for simulation is 1ps
Compiling module xil_defaultlib.PC
Compiling module xil_defaultlib.ALU
Compiling module xil_defaultlib.ControlUnit
Compiling module xil_defaultlib.DataMemory
Compiling module xil_defaultlib.InstructionMemory
Compiling module xil_defaultlib.RegisterFile
Compiling module xil_defaultlib.SignZeroExtend
Compiling module xil_defaultlib.MonoCycleCPU
Compiling module xil_defaultlib.test
Compiling module xil_defaultlib.glbl
Built simulation snapshot test_behav

****** Webtalk v2016.3 (64-bit)
  **** SW Build 1682563 on Mon Oct 10 19:07:27 MDT 2016
  **** IP Build 1681267 on Mon Oct 10 21:28:31 MDT 2016
    ** Copyright 1986-2016 Xilinx, Inc. All Rights Reserved.

source C:/Users/admin/Desktop/CPU/MonoCycleCPU/MonoCycleCPU.sim/sim_1/behav/xsim.dir/test_behav/webtalk/xsim_webtalk.tcl -notrace
INFO: [Common 17-186] 'C:/Users/admin/Desktop/CPU/MonoCycleCPU/MonoCycleCPU.sim/sim_1/behav/xsim.dir/test_behav/webtalk/usage_statistics_ext_xsim.xml' has been successfully sent to Xilinx on Thu May 24 09:28:19 2018. For additional details about this file, please refer to the WebTalk help file at D:/Vivado/Vivado/2016.3/doc/webtalk_introduction.html.
INFO: [Common 17-206] Exiting Webtalk at Thu May 24 09:28:19 2018...
run_program: Time (s): cpu = 00:00:00 ; elapsed = 00:00:06 . Memory (MB): peak = 848.313 ; gain = 0.000
INFO: [USF-XSim-69] 'elaborate' step finished in '6' seconds
INFO: [USF-XSim-4] XSim::Simulate design
INFO: [USF-XSim-61] Executing 'SIMULATE' step in 'C:/Users/admin/Desktop/CPU/MonoCycleCPU/MonoCycleCPU.sim/sim_1/behav'
INFO: [USF-XSim-98] *** Running xsim
   with args "test_behav -key {Behavioral:sim_1:Functional:test} -tclbatch {test.tcl} -log {simulate.log}"
INFO: [USF-XSim-8] Loading simulator feature
Vivado Simulator 2016.3
Time resolution is 1 ps
source test.tcl
# set curr_wave [current_wave_config]
# if { [string length $curr_wave] == 0 } {
#   if { [llength [get_objects]] > 0} {
#     add_wave /
#     set_property needs_save false [current_wave_config]
#   } else {
#      send_msg_id Add_Wave-1 WARNING "No top level signals found. Simulator will start without a wave window. If you want to open a wave window go to 'File->New Waveform Configuration' or type 'create_wave_config' in the TCL console."
#   }
# }
# run 1000ns
INFO: [USF-XSim-96] XSim completed. Design snapshot 'test_behav' loaded.
INFO: [USF-XSim-97] XSim simulation ran for 1000ns
launch_simulation: Time (s): cpu = 00:00:02 ; elapsed = 00:00:10 . Memory (MB): peak = 848.313 ; gain = 0.000
restart
INFO: [Simtcl 6-17] Simulation restarted
run 100 ns
run 100 ns
run 100 ns
run 100 ns
run 100 ns
run 100 ns
run 100 ns
run 100 ns
run 100 ns
close_sim
INFO: [Simtcl 6-16] Simulation closed
close_sim: Time (s): cpu = 00:00:00 ; elapsed = 00:00:06 . Memory (MB): peak = 848.313 ; gain = 0.000
launch_simulation
INFO: [SIM-utils-51] Simulation object is 'sim_1'
INFO: [USF-XSim-37] Inspecting design source files for 'test' in fileset 'sim_1'...
INFO: [USF-XSim-97] Finding global include files...
INFO: [USF-XSim-98] Fetching design files from 'sim_1'...
INFO: [USF-XSim-2] XSim::Compile design
INFO: [USF-XSim-61] Executing 'COMPILE and ANALYZE' step in 'C:/Users/admin/Desktop/CPU/MonoCycleCPU/MonoCycleCPU.sim/sim_1/behav'
"xvlog -m64 --relax -prj test_vlog.prj"
INFO: [VRFC 10-2263] Analyzing Verilog file "C:/Users/admin/Desktop/CPU/MonoCycleCPU/MonoCycleCPU.srcs/sources_1/new/SignZeroExtend.v" into library xil_defaultlib
INFO: [VRFC 10-311] analyzing module SignZeroExtend
INFO: [VRFC 10-2263] Analyzing Verilog file "C:/Users/admin/Desktop/CPU/MonoCycleCPU/MonoCycleCPU.srcs/sources_1/new/RegisterFile.v" into library xil_defaultlib
INFO: [VRFC 10-311] analyzing module RegisterFile
INFO: [VRFC 10-2263] Analyzing Verilog file "C:/Users/admin/Desktop/CPU/MonoCycleCPU/MonoCycleCPU.srcs/sources_1/new/PC.v" into library xil_defaultlib
INFO: [VRFC 10-311] analyzing module PC
INFO: [VRFC 10-2263] Analyzing Verilog file "C:/Users/admin/Desktop/CPU/MonoCycleCPU/MonoCycleCPU.srcs/sources_1/new/InstructionMemory.v" into library xil_defaultlib
INFO: [VRFC 10-311] analyzing module InstructionMemory
INFO: [VRFC 10-2263] Analyzing Verilog file "C:/Users/admin/Desktop/CPU/MonoCycleCPU/MonoCycleCPU.srcs/sources_1/new/DataMemory.v" into library xil_defaultlib
INFO: [VRFC 10-311] analyzing module DataMemory
INFO: [VRFC 10-2263] Analyzing Verilog file "C:/Users/admin/Desktop/CPU/MonoCycleCPU/MonoCycleCPU.srcs/sources_1/new/ControlUnit.v" into library xil_defaultlib
INFO: [VRFC 10-311] analyzing module ControlUnit
INFO: [VRFC 10-2263] Analyzing Verilog file "C:/Users/admin/Desktop/CPU/MonoCycleCPU/MonoCycleCPU.srcs/sources_1/new/ALU.v" into library xil_defaultlib
INFO: [VRFC 10-311] analyzing module ALU
INFO: [VRFC 10-2263] Analyzing Verilog file "C:/Users/admin/Desktop/CPU/MonoCycleCPU/MonoCycleCPU.srcs/sources_1/new/MonoCycleCPU.v" into library xil_defaultlib
INFO: [VRFC 10-311] analyzing module MonoCycleCPU
INFO: [VRFC 10-2263] Analyzing Verilog file "C:/Users/admin/Desktop/CPU/MonoCycleCPU/MonoCycleCPU.srcs/sim_1/new/test.v" into library xil_defaultlib
INFO: [VRFC 10-311] analyzing module test
INFO: [VRFC 10-2263] Analyzing Verilog file "C:/Users/admin/Desktop/CPU/MonoCycleCPU/MonoCycleCPU.sim/sim_1/behav/glbl.v" into library xil_defaultlib
INFO: [VRFC 10-311] analyzing module glbl
INFO: [USF-XSim-69] 'compile' step finished in '1' seconds
INFO: [USF-XSim-3] XSim::Elaborate design
INFO: [USF-XSim-61] Executing 'ELABORATE' step in 'C:/Users/admin/Desktop/CPU/MonoCycleCPU/MonoCycleCPU.sim/sim_1/behav'
Vivado Simulator 2016.3
Copyright 1986-1999, 2001-2016 Xilinx, Inc. All Rights Reserved.
Running: D:/Vivado/Vivado/2016.3/bin/unwrapped/win64.o/xelab.exe -wto a0cc8489957e4fac8d130c3d5416bd2c --debug typical --relax --mt 2 -L xil_defaultlib -L unisims_ver -L unimacro_ver -L secureip --snapshot test_behav xil_defaultlib.test xil_defaultlib.glbl -log elaborate.log 
Using 2 slave threads.
Starting static elaboration
WARNING: [VRFC 10-278] actual bit length 16 differs from formal bit length 11 for port immediate [C:/Users/admin/Desktop/CPU/MonoCycleCPU/MonoCycleCPU.srcs/sources_1/new/MonoCycleCPU.v:41]
Completed static elaboration
Starting simulation data flow analysis
Completed simulation data flow analysis
Time Resolution for simulation is 1ps
Compiling module xil_defaultlib.PC
Compiling module xil_defaultlib.ALU
Compiling module xil_defaultlib.ControlUnit
Compiling module xil_defaultlib.DataMemory
Compiling module xil_defaultlib.InstructionMemory
Compiling module xil_defaultlib.RegisterFile
Compiling module xil_defaultlib.SignZeroExtend
Compiling module xil_defaultlib.MonoCycleCPU
Compiling module xil_defaultlib.test
Compiling module xil_defaultlib.glbl
Built simulation snapshot test_behav

****** Webtalk v2016.3 (64-bit)
  **** SW Build 1682563 on Mon Oct 10 19:07:27 MDT 2016
  **** IP Build 1681267 on Mon Oct 10 21:28:31 MDT 2016
    ** Copyright 1986-2016 Xilinx, Inc. All Rights Reserved.

source C:/Users/admin/Desktop/CPU/MonoCycleCPU/MonoCycleCPU.sim/sim_1/behav/xsim.dir/test_behav/webtalk/xsim_webtalk.tcl -notrace
INFO: [Common 17-186] 'C:/Users/admin/Desktop/CPU/MonoCycleCPU/MonoCycleCPU.sim/sim_1/behav/xsim.dir/test_behav/webtalk/usage_statistics_ext_xsim.xml' has been successfully sent to Xilinx on Thu May 24 09:39:14 2018. For additional details about this file, please refer to the WebTalk help file at D:/Vivado/Vivado/2016.3/doc/webtalk_introduction.html.
INFO: [Common 17-206] Exiting Webtalk at Thu May 24 09:39:14 2018...
run_program: Time (s): cpu = 00:00:00 ; elapsed = 00:00:06 . Memory (MB): peak = 848.313 ; gain = 0.000
INFO: [USF-XSim-69] 'elaborate' step finished in '6' seconds
INFO: [USF-XSim-4] XSim::Simulate design
INFO: [USF-XSim-61] Executing 'SIMULATE' step in 'C:/Users/admin/Desktop/CPU/MonoCycleCPU/MonoCycleCPU.sim/sim_1/behav'
INFO: [USF-XSim-98] *** Running xsim
   with args "test_behav -key {Behavioral:sim_1:Functional:test} -tclbatch {test.tcl} -log {simulate.log}"
INFO: [USF-XSim-8] Loading simulator feature
Vivado Simulator 2016.3
Time resolution is 1 ps
source test.tcl
# set curr_wave [current_wave_config]
# if { [string length $curr_wave] == 0 } {
#   if { [llength [get_objects]] > 0} {
#     add_wave /
#     set_property needs_save false [current_wave_config]
#   } else {
#      send_msg_id Add_Wave-1 WARNING "No top level signals found. Simulator will start without a wave window. If you want to open a wave window go to 'File->New Waveform Configuration' or type 'create_wave_config' in the TCL console."
#   }
# }
# run 1000ns
INFO: [USF-XSim-96] XSim completed. Design snapshot 'test_behav' loaded.
INFO: [USF-XSim-97] XSim simulation ran for 1000ns
launch_simulation: Time (s): cpu = 00:00:01 ; elapsed = 00:00:09 . Memory (MB): peak = 848.313 ; gain = 0.000
restart
INFO: [Simtcl 6-17] Simulation restarted
run 100 ns
run 100 ns
run 100 ns
run 100 ns
run 100 ns
run 100 ns
run 100 ns
run 100 ns
run 100 ns
run 100 ns
close_sim
INFO: [Simtcl 6-16] Simulation closed
close_sim: Time (s): cpu = 00:00:01 ; elapsed = 00:00:06 . Memory (MB): peak = 848.313 ; gain = 0.000
launch_simulation
INFO: [SIM-utils-51] Simulation object is 'sim_1'
INFO: [USF-XSim-37] Inspecting design source files for 'test' in fileset 'sim_1'...
INFO: [USF-XSim-97] Finding global include files...
INFO: [USF-XSim-98] Fetching design files from 'sim_1'...
INFO: [USF-XSim-2] XSim::Compile design
INFO: [USF-XSim-61] Executing 'COMPILE and ANALYZE' step in 'C:/Users/admin/Desktop/CPU/MonoCycleCPU/MonoCycleCPU.sim/sim_1/behav'
"xvlog -m64 --relax -prj test_vlog.prj"
INFO: [VRFC 10-2263] Analyzing Verilog file "C:/Users/admin/Desktop/CPU/MonoCycleCPU/MonoCycleCPU.srcs/sources_1/new/SignZeroExtend.v" into library xil_defaultlib
INFO: [VRFC 10-311] analyzing module SignZeroExtend
INFO: [VRFC 10-2263] Analyzing Verilog file "C:/Users/admin/Desktop/CPU/MonoCycleCPU/MonoCycleCPU.srcs/sources_1/new/RegisterFile.v" into library xil_defaultlib
INFO: [VRFC 10-311] analyzing module RegisterFile
INFO: [VRFC 10-2263] Analyzing Verilog file "C:/Users/admin/Desktop/CPU/MonoCycleCPU/MonoCycleCPU.srcs/sources_1/new/PC.v" into library xil_defaultlib
INFO: [VRFC 10-311] analyzing module PC
INFO: [VRFC 10-2263] Analyzing Verilog file "C:/Users/admin/Desktop/CPU/MonoCycleCPU/MonoCycleCPU.srcs/sources_1/new/InstructionMemory.v" into library xil_defaultlib
INFO: [VRFC 10-311] analyzing module InstructionMemory
INFO: [VRFC 10-2263] Analyzing Verilog file "C:/Users/admin/Desktop/CPU/MonoCycleCPU/MonoCycleCPU.srcs/sources_1/new/DataMemory.v" into library xil_defaultlib
INFO: [VRFC 10-311] analyzing module DataMemory
INFO: [VRFC 10-2263] Analyzing Verilog file "C:/Users/admin/Desktop/CPU/MonoCycleCPU/MonoCycleCPU.srcs/sources_1/new/ControlUnit.v" into library xil_defaultlib
INFO: [VRFC 10-311] analyzing module ControlUnit
INFO: [VRFC 10-2263] Analyzing Verilog file "C:/Users/admin/Desktop/CPU/MonoCycleCPU/MonoCycleCPU.srcs/sources_1/new/ALU.v" into library xil_defaultlib
INFO: [VRFC 10-311] analyzing module ALU
INFO: [VRFC 10-2263] Analyzing Verilog file "C:/Users/admin/Desktop/CPU/MonoCycleCPU/MonoCycleCPU.srcs/sources_1/new/MonoCycleCPU.v" into library xil_defaultlib
INFO: [VRFC 10-311] analyzing module MonoCycleCPU
INFO: [VRFC 10-2263] Analyzing Verilog file "C:/Users/admin/Desktop/CPU/MonoCycleCPU/MonoCycleCPU.srcs/sim_1/new/test.v" into library xil_defaultlib
INFO: [VRFC 10-311] analyzing module test
INFO: [VRFC 10-2263] Analyzing Verilog file "C:/Users/admin/Desktop/CPU/MonoCycleCPU/MonoCycleCPU.sim/sim_1/behav/glbl.v" into library xil_defaultlib
INFO: [VRFC 10-311] analyzing module glbl
INFO: [USF-XSim-69] 'compile' step finished in '2' seconds
INFO: [USF-XSim-3] XSim::Elaborate design
INFO: [USF-XSim-61] Executing 'ELABORATE' step in 'C:/Users/admin/Desktop/CPU/MonoCycleCPU/MonoCycleCPU.sim/sim_1/behav'
Vivado Simulator 2016.3
Copyright 1986-1999, 2001-2016 Xilinx, Inc. All Rights Reserved.
Running: D:/Vivado/Vivado/2016.3/bin/unwrapped/win64.o/xelab.exe -wto a0cc8489957e4fac8d130c3d5416bd2c --debug typical --relax --mt 2 -L xil_defaultlib -L unisims_ver -L unimacro_ver -L secureip --snapshot test_behav xil_defaultlib.test xil_defaultlib.glbl -log elaborate.log 
Using 2 slave threads.
Starting static elaboration
WARNING: [VRFC 10-278] actual bit length 16 differs from formal bit length 11 for port immediate [C:/Users/admin/Desktop/CPU/MonoCycleCPU/MonoCycleCPU.srcs/sources_1/new/MonoCycleCPU.v:41]
Completed static elaboration
Starting simulation data flow analysis
Completed simulation data flow analysis
Time Resolution for simulation is 1ps
Compiling module xil_defaultlib.PC
Compiling module xil_defaultlib.ALU
Compiling module xil_defaultlib.ControlUnit
Compiling module xil_defaultlib.DataMemory
Compiling module xil_defaultlib.InstructionMemory
Compiling module xil_defaultlib.RegisterFile
Compiling module xil_defaultlib.SignZeroExtend
Compiling module xil_defaultlib.MonoCycleCPU
Compiling module xil_defaultlib.test
Compiling module xil_defaultlib.glbl
Built simulation snapshot test_behav

****** Webtalk v2016.3 (64-bit)
  **** SW Build 1682563 on Mon Oct 10 19:07:27 MDT 2016
  **** IP Build 1681267 on Mon Oct 10 21:28:31 MDT 2016
    ** Copyright 1986-2016 Xilinx, Inc. All Rights Reserved.

source C:/Users/admin/Desktop/CPU/MonoCycleCPU/MonoCycleCPU.sim/sim_1/behav/xsim.dir/test_behav/webtalk/xsim_webtalk.tcl -notrace
INFO: [Common 17-186] 'C:/Users/admin/Desktop/CPU/MonoCycleCPU/MonoCycleCPU.sim/sim_1/behav/xsim.dir/test_behav/webtalk/usage_statistics_ext_xsim.xml' has been successfully sent to Xilinx on Thu May 24 12:09:53 2018. For additional details about this file, please refer to the WebTalk help file at D:/Vivado/Vivado/2016.3/doc/webtalk_introduction.html.
INFO: [Common 17-206] Exiting Webtalk at Thu May 24 12:09:53 2018...
run_program: Time (s): cpu = 00:00:00 ; elapsed = 00:00:06 . Memory (MB): peak = 848.313 ; gain = 0.000
INFO: [USF-XSim-69] 'elaborate' step finished in '6' seconds
INFO: [USF-XSim-4] XSim::Simulate design
INFO: [USF-XSim-61] Executing 'SIMULATE' step in 'C:/Users/admin/Desktop/CPU/MonoCycleCPU/MonoCycleCPU.sim/sim_1/behav'
INFO: [USF-XSim-98] *** Running xsim
   with args "test_behav -key {Behavioral:sim_1:Functional:test} -tclbatch {test.tcl} -log {simulate.log}"
INFO: [USF-XSim-8] Loading simulator feature
Vivado Simulator 2016.3
Time resolution is 1 ps
source test.tcl
# set curr_wave [current_wave_config]
# if { [string length $curr_wave] == 0 } {
#   if { [llength [get_objects]] > 0} {
#     add_wave /
#     set_property needs_save false [current_wave_config]
#   } else {
#      send_msg_id Add_Wave-1 WARNING "No top level signals found. Simulator will start without a wave window. If you want to open a wave window go to 'File->New Waveform Configuration' or type 'create_wave_config' in the TCL console."
#   }
# }
# run 1000ns
INFO: [USF-XSim-96] XSim completed. Design snapshot 'test_behav' loaded.
INFO: [USF-XSim-97] XSim simulation ran for 1000ns
launch_simulation: Time (s): cpu = 00:00:01 ; elapsed = 00:00:10 . Memory (MB): peak = 848.313 ; gain = 0.000
restart
INFO: [Simtcl 6-17] Simulation restarted
run 100 ns
run 100 ns
run 100 ns
run 100 ns
run 100 ns
run 100 ns
run 100 ns
run 100 ns
run 100 ns
close_sim
INFO: [Simtcl 6-16] Simulation closed
close_sim: Time (s): cpu = 00:00:01 ; elapsed = 00:00:06 . Memory (MB): peak = 848.313 ; gain = 0.000
launch_simulation
INFO: [SIM-utils-51] Simulation object is 'sim_1'
INFO: [USF-XSim-37] Inspecting design source files for 'test' in fileset 'sim_1'...
INFO: [USF-XSim-97] Finding global include files...
INFO: [USF-XSim-98] Fetching design files from 'sim_1'...
INFO: [USF-XSim-2] XSim::Compile design
INFO: [USF-XSim-61] Executing 'COMPILE and ANALYZE' step in 'C:/Users/admin/Desktop/CPU/MonoCycleCPU/MonoCycleCPU.sim/sim_1/behav'
"xvlog -m64 --relax -prj test_vlog.prj"
INFO: [VRFC 10-2263] Analyzing Verilog file "C:/Users/admin/Desktop/CPU/MonoCycleCPU/MonoCycleCPU.srcs/sources_1/new/SignZeroExtend.v" into library xil_defaultlib
INFO: [VRFC 10-311] analyzing module SignZeroExtend
INFO: [VRFC 10-2263] Analyzing Verilog file "C:/Users/admin/Desktop/CPU/MonoCycleCPU/MonoCycleCPU.srcs/sources_1/new/RegisterFile.v" into library xil_defaultlib
INFO: [VRFC 10-311] analyzing module RegisterFile
INFO: [VRFC 10-2263] Analyzing Verilog file "C:/Users/admin/Desktop/CPU/MonoCycleCPU/MonoCycleCPU.srcs/sources_1/new/PC.v" into library xil_defaultlib
INFO: [VRFC 10-311] analyzing module PC
INFO: [VRFC 10-2263] Analyzing Verilog file "C:/Users/admin/Desktop/CPU/MonoCycleCPU/MonoCycleCPU.srcs/sources_1/new/InstructionMemory.v" into library xil_defaultlib
INFO: [VRFC 10-311] analyzing module InstructionMemory
INFO: [VRFC 10-2263] Analyzing Verilog file "C:/Users/admin/Desktop/CPU/MonoCycleCPU/MonoCycleCPU.srcs/sources_1/new/DataMemory.v" into library xil_defaultlib
INFO: [VRFC 10-311] analyzing module DataMemory
INFO: [VRFC 10-2263] Analyzing Verilog file "C:/Users/admin/Desktop/CPU/MonoCycleCPU/MonoCycleCPU.srcs/sources_1/new/ControlUnit.v" into library xil_defaultlib
INFO: [VRFC 10-311] analyzing module ControlUnit
INFO: [VRFC 10-2263] Analyzing Verilog file "C:/Users/admin/Desktop/CPU/MonoCycleCPU/MonoCycleCPU.srcs/sources_1/new/ALU.v" into library xil_defaultlib
INFO: [VRFC 10-311] analyzing module ALU
INFO: [VRFC 10-2263] Analyzing Verilog file "C:/Users/admin/Desktop/CPU/MonoCycleCPU/MonoCycleCPU.srcs/sources_1/new/MonoCycleCPU.v" into library xil_defaultlib
INFO: [VRFC 10-311] analyzing module MonoCycleCPU
INFO: [VRFC 10-2263] Analyzing Verilog file "C:/Users/admin/Desktop/CPU/MonoCycleCPU/MonoCycleCPU.srcs/sim_1/new/test.v" into library xil_defaultlib
INFO: [VRFC 10-311] analyzing module test
INFO: [VRFC 10-2263] Analyzing Verilog file "C:/Users/admin/Desktop/CPU/MonoCycleCPU/MonoCycleCPU.sim/sim_1/behav/glbl.v" into library xil_defaultlib
INFO: [VRFC 10-311] analyzing module glbl
INFO: [USF-XSim-69] 'compile' step finished in '2' seconds
INFO: [USF-XSim-3] XSim::Elaborate design
INFO: [USF-XSim-61] Executing 'ELABORATE' step in 'C:/Users/admin/Desktop/CPU/MonoCycleCPU/MonoCycleCPU.sim/sim_1/behav'
Vivado Simulator 2016.3
Copyright 1986-1999, 2001-2016 Xilinx, Inc. All Rights Reserved.
Running: D:/Vivado/Vivado/2016.3/bin/unwrapped/win64.o/xelab.exe -wto a0cc8489957e4fac8d130c3d5416bd2c --debug typical --relax --mt 2 -L xil_defaultlib -L unisims_ver -L unimacro_ver -L secureip --snapshot test_behav xil_defaultlib.test xil_defaultlib.glbl -log elaborate.log 
Using 2 slave threads.
Starting static elaboration
WARNING: [VRFC 10-278] actual bit length 32 differs from formal bit length 16 for port immediate [C:/Users/admin/Desktop/CPU/MonoCycleCPU/MonoCycleCPU.srcs/sources_1/new/MonoCycleCPU.v:36]
WARNING: [VRFC 10-278] actual bit length 16 differs from formal bit length 11 for port immediate [C:/Users/admin/Desktop/CPU/MonoCycleCPU/MonoCycleCPU.srcs/sources_1/new/MonoCycleCPU.v:41]
Completed static elaboration
Starting simulation data flow analysis
Completed simulation data flow analysis
Time Resolution for simulation is 1ps
Compiling module xil_defaultlib.PC
Compiling module xil_defaultlib.ALU
Compiling module xil_defaultlib.ControlUnit
Compiling module xil_defaultlib.DataMemory
Compiling module xil_defaultlib.InstructionMemory
Compiling module xil_defaultlib.RegisterFile
Compiling module xil_defaultlib.SignZeroExtend
Compiling module xil_defaultlib.MonoCycleCPU
Compiling module xil_defaultlib.test
Compiling module xil_defaultlib.glbl
Built simulation snapshot test_behav

****** Webtalk v2016.3 (64-bit)
  **** SW Build 1682563 on Mon Oct 10 19:07:27 MDT 2016
  **** IP Build 1681267 on Mon Oct 10 21:28:31 MDT 2016
    ** Copyright 1986-2016 Xilinx, Inc. All Rights Reserved.

source C:/Users/admin/Desktop/CPU/MonoCycleCPU/MonoCycleCPU.sim/sim_1/behav/xsim.dir/test_behav/webtalk/xsim_webtalk.tcl -notrace
INFO: [Common 17-186] 'C:/Users/admin/Desktop/CPU/MonoCycleCPU/MonoCycleCPU.sim/sim_1/behav/xsim.dir/test_behav/webtalk/usage_statistics_ext_xsim.xml' has been successfully sent to Xilinx on Thu May 24 12:12:38 2018. For additional details about this file, please refer to the WebTalk help file at D:/Vivado/Vivado/2016.3/doc/webtalk_introduction.html.
INFO: [Common 17-206] Exiting Webtalk at Thu May 24 12:12:38 2018...
run_program: Time (s): cpu = 00:00:00 ; elapsed = 00:00:06 . Memory (MB): peak = 848.313 ; gain = 0.000
INFO: [USF-XSim-69] 'elaborate' step finished in '5' seconds
INFO: [USF-XSim-4] XSim::Simulate design
INFO: [USF-XSim-61] Executing 'SIMULATE' step in 'C:/Users/admin/Desktop/CPU/MonoCycleCPU/MonoCycleCPU.sim/sim_1/behav'
INFO: [USF-XSim-98] *** Running xsim
   with args "test_behav -key {Behavioral:sim_1:Functional:test} -tclbatch {test.tcl} -log {simulate.log}"
INFO: [USF-XSim-8] Loading simulator feature
Vivado Simulator 2016.3
Time resolution is 1 ps
source test.tcl
# set curr_wave [current_wave_config]
# if { [string length $curr_wave] == 0 } {
#   if { [llength [get_objects]] > 0} {
#     add_wave /
#     set_property needs_save false [current_wave_config]
#   } else {
#      send_msg_id Add_Wave-1 WARNING "No top level signals found. Simulator will start without a wave window. If you want to open a wave window go to 'File->New Waveform Configuration' or type 'create_wave_config' in the TCL console."
#   }
# }
# run 1000ns
INFO: [USF-XSim-96] XSim completed. Design snapshot 'test_behav' loaded.
INFO: [USF-XSim-97] XSim simulation ran for 1000ns
launch_simulation: Time (s): cpu = 00:00:01 ; elapsed = 00:00:09 . Memory (MB): peak = 848.313 ; gain = 0.000
restart
INFO: [Simtcl 6-17] Simulation restarted
run 100 ns
run 100 ns
run 100 ns
run 100 ns
run 100 ns
run 100 ns
run 100 ns
run 100 ns
run 100 ns
run 100 ns
run 100 ns
restart
INFO: [Simtcl 6-17] Simulation restarted
run 100 ns
run 100 ns
run 100 ns
run 100 ns
run 100 ns
run 100 ns
run 100 ns
run 100 ns
run 100 ns
run 100 ns
restart
INFO: [Simtcl 6-17] Simulation restarted
run 100 ns
run 100 ns
run 100 ns
run 100 ns
run 100 ns
run 100 ns
run 100 ns
run 100 ns
run 100 ns
run 100 ns
run 100 ns
run 100 ns
run 100 ns
restart
INFO: [Simtcl 6-17] Simulation restarted
run 100 ns
run 100 ns
run 100 ns
run 100 ns
run 100 ns
run 100 ns
run 100 ns
run 100 ns
run 100 ns
close_sim
INFO: [Simtcl 6-16] Simulation closed
close_sim: Time (s): cpu = 00:00:00 ; elapsed = 00:00:05 . Memory (MB): peak = 857.820 ; gain = 0.000
launch_simulation
INFO: [SIM-utils-51] Simulation object is 'sim_1'
INFO: [USF-XSim-37] Inspecting design source files for 'test' in fileset 'sim_1'...
INFO: [USF-XSim-97] Finding global include files...
INFO: [USF-XSim-98] Fetching design files from 'sim_1'...
INFO: [USF-XSim-2] XSim::Compile design
INFO: [USF-XSim-61] Executing 'COMPILE and ANALYZE' step in 'C:/Users/admin/Desktop/CPU/MonoCycleCPU/MonoCycleCPU.sim/sim_1/behav'
"xvlog -m64 --relax -prj test_vlog.prj"
INFO: [VRFC 10-2263] Analyzing Verilog file "C:/Users/admin/Desktop/CPU/MonoCycleCPU/MonoCycleCPU.srcs/sources_1/new/SignZeroExtend.v" into library xil_defaultlib
INFO: [VRFC 10-311] analyzing module SignZeroExtend
INFO: [VRFC 10-2263] Analyzing Verilog file "C:/Users/admin/Desktop/CPU/MonoCycleCPU/MonoCycleCPU.srcs/sources_1/new/RegisterFile.v" into library xil_defaultlib
INFO: [VRFC 10-311] analyzing module RegisterFile
INFO: [VRFC 10-2263] Analyzing Verilog file "C:/Users/admin/Desktop/CPU/MonoCycleCPU/MonoCycleCPU.srcs/sources_1/new/PC.v" into library xil_defaultlib
INFO: [VRFC 10-311] analyzing module PC
INFO: [VRFC 10-2263] Analyzing Verilog file "C:/Users/admin/Desktop/CPU/MonoCycleCPU/MonoCycleCPU.srcs/sources_1/new/InstructionMemory.v" into library xil_defaultlib
INFO: [VRFC 10-311] analyzing module InstructionMemory
INFO: [VRFC 10-2263] Analyzing Verilog file "C:/Users/admin/Desktop/CPU/MonoCycleCPU/MonoCycleCPU.srcs/sources_1/new/DataMemory.v" into library xil_defaultlib
INFO: [VRFC 10-311] analyzing module DataMemory
INFO: [VRFC 10-2263] Analyzing Verilog file "C:/Users/admin/Desktop/CPU/MonoCycleCPU/MonoCycleCPU.srcs/sources_1/new/ControlUnit.v" into library xil_defaultlib
INFO: [VRFC 10-311] analyzing module ControlUnit
INFO: [VRFC 10-2263] Analyzing Verilog file "C:/Users/admin/Desktop/CPU/MonoCycleCPU/MonoCycleCPU.srcs/sources_1/new/ALU.v" into library xil_defaultlib
INFO: [VRFC 10-311] analyzing module ALU
INFO: [VRFC 10-2263] Analyzing Verilog file "C:/Users/admin/Desktop/CPU/MonoCycleCPU/MonoCycleCPU.srcs/sources_1/new/MonoCycleCPU.v" into library xil_defaultlib
INFO: [VRFC 10-311] analyzing module MonoCycleCPU
INFO: [VRFC 10-2263] Analyzing Verilog file "C:/Users/admin/Desktop/CPU/MonoCycleCPU/MonoCycleCPU.srcs/sim_1/new/test.v" into library xil_defaultlib
INFO: [VRFC 10-311] analyzing module test
INFO: [VRFC 10-2263] Analyzing Verilog file "C:/Users/admin/Desktop/CPU/MonoCycleCPU/MonoCycleCPU.sim/sim_1/behav/glbl.v" into library xil_defaultlib
INFO: [VRFC 10-311] analyzing module glbl
INFO: [USF-XSim-69] 'compile' step finished in '1' seconds
INFO: [USF-XSim-3] XSim::Elaborate design
INFO: [USF-XSim-61] Executing 'ELABORATE' step in 'C:/Users/admin/Desktop/CPU/MonoCycleCPU/MonoCycleCPU.sim/sim_1/behav'
Vivado Simulator 2016.3
Copyright 1986-1999, 2001-2016 Xilinx, Inc. All Rights Reserved.
Running: D:/Vivado/Vivado/2016.3/bin/unwrapped/win64.o/xelab.exe -wto a0cc8489957e4fac8d130c3d5416bd2c --debug typical --relax --mt 2 -L xil_defaultlib -L unisims_ver -L unimacro_ver -L secureip --snapshot test_behav xil_defaultlib.test xil_defaultlib.glbl -log elaborate.log 
Using 2 slave threads.
Starting static elaboration
WARNING: [VRFC 10-278] actual bit length 16 differs from formal bit length 11 for port immediate [C:/Users/admin/Desktop/CPU/MonoCycleCPU/MonoCycleCPU.srcs/sources_1/new/MonoCycleCPU.v:41]
Completed static elaboration
Starting simulation data flow analysis
Completed simulation data flow analysis
Time Resolution for simulation is 1ps
Compiling module xil_defaultlib.PC
Compiling module xil_defaultlib.ALU
Compiling module xil_defaultlib.ControlUnit
Compiling module xil_defaultlib.DataMemory
Compiling module xil_defaultlib.InstructionMemory
Compiling module xil_defaultlib.RegisterFile
Compiling module xil_defaultlib.SignZeroExtend
Compiling module xil_defaultlib.MonoCycleCPU
Compiling module xil_defaultlib.test
Compiling module xil_defaultlib.glbl
Built simulation snapshot test_behav

****** Webtalk v2016.3 (64-bit)
  **** SW Build 1682563 on Mon Oct 10 19:07:27 MDT 2016
  **** IP Build 1681267 on Mon Oct 10 21:28:31 MDT 2016
    ** Copyright 1986-2016 Xilinx, Inc. All Rights Reserved.

source C:/Users/admin/Desktop/CPU/MonoCycleCPU/MonoCycleCPU.sim/sim_1/behav/xsim.dir/test_behav/webtalk/xsim_webtalk.tcl -notrace
INFO: [Common 17-186] 'C:/Users/admin/Desktop/CPU/MonoCycleCPU/MonoCycleCPU.sim/sim_1/behav/xsim.dir/test_behav/webtalk/usage_statistics_ext_xsim.xml' has been successfully sent to Xilinx on Thu May 24 12:21:54 2018. For additional details about this file, please refer to the WebTalk help file at D:/Vivado/Vivado/2016.3/doc/webtalk_introduction.html.
INFO: [Common 17-206] Exiting Webtalk at Thu May 24 12:21:54 2018...
run_program: Time (s): cpu = 00:00:00 ; elapsed = 00:00:06 . Memory (MB): peak = 857.820 ; gain = 0.000
INFO: [USF-XSim-69] 'elaborate' step finished in '5' seconds
INFO: [USF-XSim-4] XSim::Simulate design
INFO: [USF-XSim-61] Executing 'SIMULATE' step in 'C:/Users/admin/Desktop/CPU/MonoCycleCPU/MonoCycleCPU.sim/sim_1/behav'
INFO: [USF-XSim-98] *** Running xsim
   with args "test_behav -key {Behavioral:sim_1:Functional:test} -tclbatch {test.tcl} -log {simulate.log}"
INFO: [USF-XSim-8] Loading simulator feature
Vivado Simulator 2016.3
Time resolution is 1 ps
source test.tcl
# set curr_wave [current_wave_config]
# if { [string length $curr_wave] == 0 } {
#   if { [llength [get_objects]] > 0} {
#     add_wave /
#     set_property needs_save false [current_wave_config]
#   } else {
#      send_msg_id Add_Wave-1 WARNING "No top level signals found. Simulator will start without a wave window. If you want to open a wave window go to 'File->New Waveform Configuration' or type 'create_wave_config' in the TCL console."
#   }
# }
# run 1000ns
INFO: [USF-XSim-96] XSim completed. Design snapshot 'test_behav' loaded.
INFO: [USF-XSim-97] XSim simulation ran for 1000ns
launch_simulation: Time (s): cpu = 00:00:02 ; elapsed = 00:00:09 . Memory (MB): peak = 857.820 ; gain = 0.000
run 100 ns
run 100 ns
run 100 ns
run 100 ns
run 100 ns
run 100 ns
run 100 ns
run 100 ns
run 100 ns
run 100 ns
run 100 ns
run 100 ns
run 100 ns
run 100 ns
restart
INFO: [Simtcl 6-17] Simulation restarted
run 100 ns
run 100 ns
run 100 ns
run 100 ns
run 100 ns
run 100 ns
run 100 ns
run 100 ns
run 100 ns
run 100 ns
restart
INFO: [Simtcl 6-17] Simulation restarted
run 100 ns
run 100 ns
run 100 ns
run 100 ns
run 100 ns
run 100 ns
run 100 ns
run 100 ns
run 100 ns
restart
INFO: [Simtcl 6-17] Simulation restarted
run 100 ns
run 100 ns
run 100 ns
run 100 ns
run 100 ns
run 100 ns
run 100 ns
run 100 ns
run 100 ns
run 100 ns
restart
INFO: [Simtcl 6-17] Simulation restarted
run 100 ns
run 100 ns
run 100 ns
run 100 ns
run 100 ns
run 100 ns
run 100 ns
run 100 ns
run 100 ns
run 100 ns
restart
INFO: [Simtcl 6-17] Simulation restarted
run 100 ns
run 100 ns
run 100 ns
run 100 ns
run 100 ns
run 100 ns
run 100 ns
run 100 ns
run 100 ns
run 100 ns
run 100 ns
run 100 ns
restart
INFO: [Simtcl 6-17] Simulation restarted
run 100 ns
run 100 ns
run 100 ns
run 100 ns
run 100 ns
run 100 ns
run 100 ns
run 100 ns
run 100 ns
run 100 ns
run 100 ns
run 100 ns
run 100 ns
run 100 ns
run 100 ns
run 100 ns
run 100 ns
run 100 ns
close_sim
INFO: [Simtcl 6-16] Simulation closed
close_sim: Time (s): cpu = 00:00:01 ; elapsed = 00:00:14 . Memory (MB): peak = 876.750 ; gain = 0.000
launch_simulation
INFO: [SIM-utils-51] Simulation object is 'sim_1'
INFO: [USF-XSim-37] Inspecting design source files for 'test' in fileset 'sim_1'...
INFO: [USF-XSim-97] Finding global include files...
INFO: [USF-XSim-98] Fetching design files from 'sim_1'...
INFO: [USF-XSim-2] XSim::Compile design
INFO: [USF-XSim-61] Executing 'COMPILE and ANALYZE' step in 'C:/Users/admin/Desktop/CPU/MonoCycleCPU/MonoCycleCPU.sim/sim_1/behav'
"xvlog -m64 --relax -prj test_vlog.prj"
INFO: [VRFC 10-2263] Analyzing Verilog file "C:/Users/admin/Desktop/CPU/MonoCycleCPU/MonoCycleCPU.srcs/sources_1/new/SignZeroExtend.v" into library xil_defaultlib
INFO: [VRFC 10-311] analyzing module SignZeroExtend
INFO: [VRFC 10-2263] Analyzing Verilog file "C:/Users/admin/Desktop/CPU/MonoCycleCPU/MonoCycleCPU.srcs/sources_1/new/RegisterFile.v" into library xil_defaultlib
INFO: [VRFC 10-311] analyzing module RegisterFile
INFO: [VRFC 10-2263] Analyzing Verilog file "C:/Users/admin/Desktop/CPU/MonoCycleCPU/MonoCycleCPU.srcs/sources_1/new/PC.v" into library xil_defaultlib
INFO: [VRFC 10-311] analyzing module PC
INFO: [VRFC 10-2263] Analyzing Verilog file "C:/Users/admin/Desktop/CPU/MonoCycleCPU/MonoCycleCPU.srcs/sources_1/new/InstructionMemory.v" into library xil_defaultlib
INFO: [VRFC 10-311] analyzing module InstructionMemory
INFO: [VRFC 10-2263] Analyzing Verilog file "C:/Users/admin/Desktop/CPU/MonoCycleCPU/MonoCycleCPU.srcs/sources_1/new/DataMemory.v" into library xil_defaultlib
INFO: [VRFC 10-311] analyzing module DataMemory
INFO: [VRFC 10-2263] Analyzing Verilog file "C:/Users/admin/Desktop/CPU/MonoCycleCPU/MonoCycleCPU.srcs/sources_1/new/ControlUnit.v" into library xil_defaultlib
INFO: [VRFC 10-311] analyzing module ControlUnit
INFO: [VRFC 10-2263] Analyzing Verilog file "C:/Users/admin/Desktop/CPU/MonoCycleCPU/MonoCycleCPU.srcs/sources_1/new/ALU.v" into library xil_defaultlib
INFO: [VRFC 10-311] analyzing module ALU
INFO: [VRFC 10-2263] Analyzing Verilog file "C:/Users/admin/Desktop/CPU/MonoCycleCPU/MonoCycleCPU.srcs/sources_1/new/MonoCycleCPU.v" into library xil_defaultlib
INFO: [VRFC 10-311] analyzing module MonoCycleCPU
INFO: [VRFC 10-2263] Analyzing Verilog file "C:/Users/admin/Desktop/CPU/MonoCycleCPU/MonoCycleCPU.srcs/sim_1/new/test.v" into library xil_defaultlib
INFO: [VRFC 10-311] analyzing module test
INFO: [VRFC 10-2263] Analyzing Verilog file "C:/Users/admin/Desktop/CPU/MonoCycleCPU/MonoCycleCPU.sim/sim_1/behav/glbl.v" into library xil_defaultlib
INFO: [VRFC 10-311] analyzing module glbl
INFO: [USF-XSim-69] 'compile' step finished in '2' seconds
INFO: [USF-XSim-3] XSim::Elaborate design
INFO: [USF-XSim-61] Executing 'ELABORATE' step in 'C:/Users/admin/Desktop/CPU/MonoCycleCPU/MonoCycleCPU.sim/sim_1/behav'
Vivado Simulator 2016.3
Copyright 1986-1999, 2001-2016 Xilinx, Inc. All Rights Reserved.
Running: D:/Vivado/Vivado/2016.3/bin/unwrapped/win64.o/xelab.exe -wto a0cc8489957e4fac8d130c3d5416bd2c --debug typical --relax --mt 2 -L xil_defaultlib -L unisims_ver -L unimacro_ver -L secureip --snapshot test_behav xil_defaultlib.test xil_defaultlib.glbl -log elaborate.log 
Using 2 slave threads.
Starting static elaboration
WARNING: [VRFC 10-278] actual bit length 16 differs from formal bit length 11 for port immediate [C:/Users/admin/Desktop/CPU/MonoCycleCPU/MonoCycleCPU.srcs/sources_1/new/MonoCycleCPU.v:41]
Completed static elaboration
Starting simulation data flow analysis
Completed simulation data flow analysis
Time Resolution for simulation is 1ps
Compiling module xil_defaultlib.PC
Compiling module xil_defaultlib.ALU
Compiling module xil_defaultlib.ControlUnit
Compiling module xil_defaultlib.DataMemory
Compiling module xil_defaultlib.InstructionMemory
Compiling module xil_defaultlib.RegisterFile
Compiling module xil_defaultlib.SignZeroExtend
Compiling module xil_defaultlib.MonoCycleCPU
Compiling module xil_defaultlib.test
Compiling module xil_defaultlib.glbl
Built simulation snapshot test_behav

****** Webtalk v2016.3 (64-bit)
  **** SW Build 1682563 on Mon Oct 10 19:07:27 MDT 2016
  **** IP Build 1681267 on Mon Oct 10 21:28:31 MDT 2016
    ** Copyright 1986-2016 Xilinx, Inc. All Rights Reserved.

source C:/Users/admin/Desktop/CPU/MonoCycleCPU/MonoCycleCPU.sim/sim_1/behav/xsim.dir/test_behav/webtalk/xsim_webtalk.tcl -notrace
INFO: [Common 17-186] 'C:/Users/admin/Desktop/CPU/MonoCycleCPU/MonoCycleCPU.sim/sim_1/behav/xsim.dir/test_behav/webtalk/usage_statistics_ext_xsim.xml' has been successfully sent to Xilinx on Thu May 24 13:45:27 2018. For additional details about this file, please refer to the WebTalk help file at D:/Vivado/Vivado/2016.3/doc/webtalk_introduction.html.
INFO: [Common 17-206] Exiting Webtalk at Thu May 24 13:45:27 2018...
run_program: Time (s): cpu = 00:00:00 ; elapsed = 00:00:12 . Memory (MB): peak = 876.750 ; gain = 0.000
INFO: [USF-XSim-69] 'elaborate' step finished in '12' seconds
INFO: [USF-XSim-4] XSim::Simulate design
INFO: [USF-XSim-61] Executing 'SIMULATE' step in 'C:/Users/admin/Desktop/CPU/MonoCycleCPU/MonoCycleCPU.sim/sim_1/behav'
INFO: [USF-XSim-98] *** Running xsim
   with args "test_behav -key {Behavioral:sim_1:Functional:test} -tclbatch {test.tcl} -log {simulate.log}"
INFO: [USF-XSim-8] Loading simulator feature
Vivado Simulator 2016.3
Time resolution is 1 ps
source test.tcl
# set curr_wave [current_wave_config]
# if { [string length $curr_wave] == 0 } {
#   if { [llength [get_objects]] > 0} {
#     add_wave /
#     set_property needs_save false [current_wave_config]
#   } else {
#      send_msg_id Add_Wave-1 WARNING "No top level signals found. Simulator will start without a wave window. If you want to open a wave window go to 'File->New Waveform Configuration' or type 'create_wave_config' in the TCL console."
#   }
# }
# run 1000ns
INFO: [USF-XSim-96] XSim completed. Design snapshot 'test_behav' loaded.
INFO: [USF-XSim-97] XSim simulation ran for 1000ns
launch_simulation: Time (s): cpu = 00:00:01 ; elapsed = 00:00:19 . Memory (MB): peak = 876.750 ; gain = 0.000
restart
INFO: [Simtcl 6-17] Simulation restarted
run 100 ns
run 100 ns
run 100 ns
run 100 ns
run 100 ns
run 100 ns
run 100 ns
run 100 ns
run 100 ns
run 100 ns
run 100 ns
run 100 ns
run 100 ns
run 100 ns
run 100 ns
run 100 ns
run 100 ns
run 100 ns
run 100 ns
restart
INFO: [Simtcl 6-17] Simulation restarted
run 100 ns
run 100 ns
run 100 ns
run 100 ns
run 100 ns
run 100 ns
run 100 ns
run 100 ns
run 100 ns
run 100 ns
run 100 ns
run 100 ns
run 100 ns
run 100 ns
run 100 ns
run 100 ns
run 100 ns
run 100 ns
close_sim
INFO: [Simtcl 6-16] Simulation closed
close_sim: Time (s): cpu = 00:00:01 ; elapsed = 00:00:08 . Memory (MB): peak = 876.750 ; gain = 0.000
launch_simulation
INFO: [SIM-utils-51] Simulation object is 'sim_1'
INFO: [USF-XSim-37] Inspecting design source files for 'test' in fileset 'sim_1'...
INFO: [USF-XSim-97] Finding global include files...
INFO: [USF-XSim-98] Fetching design files from 'sim_1'...
INFO: [USF-XSim-2] XSim::Compile design
INFO: [USF-XSim-61] Executing 'COMPILE and ANALYZE' step in 'C:/Users/admin/Desktop/CPU/MonoCycleCPU/MonoCycleCPU.sim/sim_1/behav'
"xvlog -m64 --relax -prj test_vlog.prj"
INFO: [VRFC 10-2263] Analyzing Verilog file "C:/Users/admin/Desktop/CPU/MonoCycleCPU/MonoCycleCPU.srcs/sources_1/new/SignZeroExtend.v" into library xil_defaultlib
INFO: [VRFC 10-311] analyzing module SignZeroExtend
INFO: [VRFC 10-2263] Analyzing Verilog file "C:/Users/admin/Desktop/CPU/MonoCycleCPU/MonoCycleCPU.srcs/sources_1/new/RegisterFile.v" into library xil_defaultlib
INFO: [VRFC 10-311] analyzing module RegisterFile
INFO: [VRFC 10-2263] Analyzing Verilog file "C:/Users/admin/Desktop/CPU/MonoCycleCPU/MonoCycleCPU.srcs/sources_1/new/PC.v" into library xil_defaultlib
INFO: [VRFC 10-311] analyzing module PC
INFO: [VRFC 10-2263] Analyzing Verilog file "C:/Users/admin/Desktop/CPU/MonoCycleCPU/MonoCycleCPU.srcs/sources_1/new/InstructionMemory.v" into library xil_defaultlib
INFO: [VRFC 10-311] analyzing module InstructionMemory
INFO: [VRFC 10-2263] Analyzing Verilog file "C:/Users/admin/Desktop/CPU/MonoCycleCPU/MonoCycleCPU.srcs/sources_1/new/DataMemory.v" into library xil_defaultlib
INFO: [VRFC 10-311] analyzing module DataMemory
INFO: [VRFC 10-2263] Analyzing Verilog file "C:/Users/admin/Desktop/CPU/MonoCycleCPU/MonoCycleCPU.srcs/sources_1/new/ControlUnit.v" into library xil_defaultlib
INFO: [VRFC 10-311] analyzing module ControlUnit
INFO: [VRFC 10-2263] Analyzing Verilog file "C:/Users/admin/Desktop/CPU/MonoCycleCPU/MonoCycleCPU.srcs/sources_1/new/ALU.v" into library xil_defaultlib
INFO: [VRFC 10-311] analyzing module ALU
INFO: [VRFC 10-2263] Analyzing Verilog file "C:/Users/admin/Desktop/CPU/MonoCycleCPU/MonoCycleCPU.srcs/sources_1/new/MonoCycleCPU.v" into library xil_defaultlib
INFO: [VRFC 10-311] analyzing module MonoCycleCPU
INFO: [VRFC 10-2263] Analyzing Verilog file "C:/Users/admin/Desktop/CPU/MonoCycleCPU/MonoCycleCPU.srcs/sim_1/new/test.v" into library xil_defaultlib
INFO: [VRFC 10-311] analyzing module test
INFO: [VRFC 10-2263] Analyzing Verilog file "C:/Users/admin/Desktop/CPU/MonoCycleCPU/MonoCycleCPU.sim/sim_1/behav/glbl.v" into library xil_defaultlib
INFO: [VRFC 10-311] analyzing module glbl
INFO: [USF-XSim-69] 'compile' step finished in '1' seconds
INFO: [USF-XSim-3] XSim::Elaborate design
INFO: [USF-XSim-61] Executing 'ELABORATE' step in 'C:/Users/admin/Desktop/CPU/MonoCycleCPU/MonoCycleCPU.sim/sim_1/behav'
Vivado Simulator 2016.3
Copyright 1986-1999, 2001-2016 Xilinx, Inc. All Rights Reserved.
Running: D:/Vivado/Vivado/2016.3/bin/unwrapped/win64.o/xelab.exe -wto a0cc8489957e4fac8d130c3d5416bd2c --debug typical --relax --mt 2 -L xil_defaultlib -L unisims_ver -L unimacro_ver -L secureip --snapshot test_behav xil_defaultlib.test xil_defaultlib.glbl -log elaborate.log 
Using 2 slave threads.
Starting static elaboration
WARNING: [VRFC 10-278] actual bit length 16 differs from formal bit length 11 for port immediate [C:/Users/admin/Desktop/CPU/MonoCycleCPU/MonoCycleCPU.srcs/sources_1/new/MonoCycleCPU.v:41]
Completed static elaboration
Starting simulation data flow analysis
Completed simulation data flow analysis
Time Resolution for simulation is 1ps
Compiling module xil_defaultlib.PC
Compiling module xil_defaultlib.ALU
Compiling module xil_defaultlib.ControlUnit
Compiling module xil_defaultlib.DataMemory
Compiling module xil_defaultlib.InstructionMemory
Compiling module xil_defaultlib.RegisterFile
Compiling module xil_defaultlib.SignZeroExtend
Compiling module xil_defaultlib.MonoCycleCPU
Compiling module xil_defaultlib.test
Compiling module xil_defaultlib.glbl
Built simulation snapshot test_behav

****** Webtalk v2016.3 (64-bit)
  **** SW Build 1682563 on Mon Oct 10 19:07:27 MDT 2016
  **** IP Build 1681267 on Mon Oct 10 21:28:31 MDT 2016
    ** Copyright 1986-2016 Xilinx, Inc. All Rights Reserved.

source C:/Users/admin/Desktop/CPU/MonoCycleCPU/MonoCycleCPU.sim/sim_1/behav/xsim.dir/test_behav/webtalk/xsim_webtalk.tcl -notrace
INFO: [Common 17-186] 'C:/Users/admin/Desktop/CPU/MonoCycleCPU/MonoCycleCPU.sim/sim_1/behav/xsim.dir/test_behav/webtalk/usage_statistics_ext_xsim.xml' has been successfully sent to Xilinx on Thu May 24 14:02:28 2018. For additional details about this file, please refer to the WebTalk help file at D:/Vivado/Vivado/2016.3/doc/webtalk_introduction.html.
INFO: [Common 17-206] Exiting Webtalk at Thu May 24 14:02:28 2018...
run_program: Time (s): cpu = 00:00:00 ; elapsed = 00:00:12 . Memory (MB): peak = 876.750 ; gain = 0.000
INFO: [USF-XSim-69] 'elaborate' step finished in '12' seconds
INFO: [USF-XSim-4] XSim::Simulate design
INFO: [USF-XSim-61] Executing 'SIMULATE' step in 'C:/Users/admin/Desktop/CPU/MonoCycleCPU/MonoCycleCPU.sim/sim_1/behav'
INFO: [USF-XSim-98] *** Running xsim
   with args "test_behav -key {Behavioral:sim_1:Functional:test} -tclbatch {test.tcl} -log {simulate.log}"
INFO: [USF-XSim-8] Loading simulator feature
Vivado Simulator 2016.3
Time resolution is 1 ps
source test.tcl
# set curr_wave [current_wave_config]
# if { [string length $curr_wave] == 0 } {
#   if { [llength [get_objects]] > 0} {
#     add_wave /
#     set_property needs_save false [current_wave_config]
#   } else {
#      send_msg_id Add_Wave-1 WARNING "No top level signals found. Simulator will start without a wave window. If you want to open a wave window go to 'File->New Waveform Configuration' or type 'create_wave_config' in the TCL console."
#   }
# }
# run 1000ns
xsim: Time (s): cpu = 00:00:01 ; elapsed = 00:00:07 . Memory (MB): peak = 876.750 ; gain = 0.000
INFO: [USF-XSim-96] XSim completed. Design snapshot 'test_behav' loaded.
INFO: [USF-XSim-97] XSim simulation ran for 1000ns
launch_simulation: Time (s): cpu = 00:00:01 ; elapsed = 00:00:24 . Memory (MB): peak = 876.750 ; gain = 0.000
restart
INFO: [Simtcl 6-17] Simulation restarted
run 100 ns
run 100 ns
run 100 ns
run 100 ns
run 100 ns
run 100 ns
run 100 ns
run 100 ns
run 100 ns
run 100 ns
run 100 ns
run 100 ns
run 100 ns
run 100 ns
run 100 ns
run 100 ns
run 100 ns
run 100 ns
run 100 ns
restart
INFO: [Simtcl 6-17] Simulation restarted
run 100 ns
run 100 ns
run 100 ns
run 100 ns
run 100 ns
run 100 ns
run 100 ns
run 100 ns
run 100 ns
run 100 ns
run 100 ns
run 100 ns
run 100 ns
run 100 ns
run 100 ns
run 100 ns
run 100 ns
run 100 ns
run 100 ns
restart
INFO: [Simtcl 6-17] Simulation restarted
run 100 ns
run 100 ns
run 100 ns
run 100 ns
run 100 ns
run 100 ns
run 100 ns
run 100 ns
run 100 ns
run 100 ns
run 100 ns
run 100 ns
run 100 ns
run 100 ns
run 100 ns
run 100 ns
run 100 ns
run 100 ns
run 100 ns
restart
INFO: [Simtcl 6-17] Simulation restarted
run 100 ns
run 100 ns
run 100 ns
run 100 ns
run 100 ns
run 100 ns
run 100 ns
run 100 ns
run 100 ns
run 100 ns
run 100 ns
run 100 ns
run 100 ns
run 100 ns
run 100 ns
run 100 ns
run 100 ns
run 100 ns
run 100 ns
run 100 ns
run 100 ns
close_sim
INFO: [Simtcl 6-16] Simulation closed
close_sim: Time (s): cpu = 00:00:00 ; elapsed = 00:00:11 . Memory (MB): peak = 906.563 ; gain = 0.000
launch_simulation
INFO: [SIM-utils-51] Simulation object is 'sim_1'
INFO: [USF-XSim-37] Inspecting design source files for 'test' in fileset 'sim_1'...
INFO: [USF-XSim-97] Finding global include files...
INFO: [USF-XSim-98] Fetching design files from 'sim_1'...
INFO: [USF-XSim-2] XSim::Compile design
INFO: [USF-XSim-61] Executing 'COMPILE and ANALYZE' step in 'C:/Users/admin/Desktop/CPU/MonoCycleCPU/MonoCycleCPU.sim/sim_1/behav'
"xvlog -m64 --relax -prj test_vlog.prj"
INFO: [VRFC 10-2263] Analyzing Verilog file "C:/Users/admin/Desktop/CPU/MonoCycleCPU/MonoCycleCPU.srcs/sources_1/new/SignZeroExtend.v" into library xil_defaultlib
INFO: [VRFC 10-311] analyzing module SignZeroExtend
INFO: [VRFC 10-2263] Analyzing Verilog file "C:/Users/admin/Desktop/CPU/MonoCycleCPU/MonoCycleCPU.srcs/sources_1/new/RegisterFile.v" into library xil_defaultlib
INFO: [VRFC 10-311] analyzing module RegisterFile
INFO: [VRFC 10-2263] Analyzing Verilog file "C:/Users/admin/Desktop/CPU/MonoCycleCPU/MonoCycleCPU.srcs/sources_1/new/PC.v" into library xil_defaultlib
INFO: [VRFC 10-311] analyzing module PC
INFO: [VRFC 10-2263] Analyzing Verilog file "C:/Users/admin/Desktop/CPU/MonoCycleCPU/MonoCycleCPU.srcs/sources_1/new/InstructionMemory.v" into library xil_defaultlib
INFO: [VRFC 10-311] analyzing module InstructionMemory
INFO: [VRFC 10-2263] Analyzing Verilog file "C:/Users/admin/Desktop/CPU/MonoCycleCPU/MonoCycleCPU.srcs/sources_1/new/DataMemory.v" into library xil_defaultlib
INFO: [VRFC 10-311] analyzing module DataMemory
INFO: [VRFC 10-2263] Analyzing Verilog file "C:/Users/admin/Desktop/CPU/MonoCycleCPU/MonoCycleCPU.srcs/sources_1/new/ControlUnit.v" into library xil_defaultlib
INFO: [VRFC 10-311] analyzing module ControlUnit
INFO: [VRFC 10-2263] Analyzing Verilog file "C:/Users/admin/Desktop/CPU/MonoCycleCPU/MonoCycleCPU.srcs/sources_1/new/ALU.v" into library xil_defaultlib
INFO: [VRFC 10-311] analyzing module ALU
INFO: [VRFC 10-2263] Analyzing Verilog file "C:/Users/admin/Desktop/CPU/MonoCycleCPU/MonoCycleCPU.srcs/sources_1/new/MonoCycleCPU.v" into library xil_defaultlib
INFO: [VRFC 10-311] analyzing module MonoCycleCPU
INFO: [VRFC 10-2263] Analyzing Verilog file "C:/Users/admin/Desktop/CPU/MonoCycleCPU/MonoCycleCPU.srcs/sim_1/new/test.v" into library xil_defaultlib
INFO: [VRFC 10-311] analyzing module test
INFO: [VRFC 10-2263] Analyzing Verilog file "C:/Users/admin/Desktop/CPU/MonoCycleCPU/MonoCycleCPU.sim/sim_1/behav/glbl.v" into library xil_defaultlib
INFO: [VRFC 10-311] analyzing module glbl
INFO: [USF-XSim-69] 'compile' step finished in '5' seconds
INFO: [USF-XSim-3] XSim::Elaborate design
INFO: [USF-XSim-61] Executing 'ELABORATE' step in 'C:/Users/admin/Desktop/CPU/MonoCycleCPU/MonoCycleCPU.sim/sim_1/behav'
Vivado Simulator 2016.3
Copyright 1986-1999, 2001-2016 Xilinx, Inc. All Rights Reserved.
Running: D:/Vivado/Vivado/2016.3/bin/unwrapped/win64.o/xelab.exe -wto a0cc8489957e4fac8d130c3d5416bd2c --debug typical --relax --mt 2 -L xil_defaultlib -L unisims_ver -L unimacro_ver -L secureip --snapshot test_behav xil_defaultlib.test xil_defaultlib.glbl -log elaborate.log 
Using 2 slave threads.
Starting static elaboration
WARNING: [VRFC 10-278] actual bit length 16 differs from formal bit length 11 for port immediate [C:/Users/admin/Desktop/CPU/MonoCycleCPU/MonoCycleCPU.srcs/sources_1/new/MonoCycleCPU.v:41]
Completed static elaboration
Starting simulation data flow analysis
Completed simulation data flow analysis
Time Resolution for simulation is 1ps
Compiling module xil_defaultlib.PC
Compiling module xil_defaultlib.ALU
Compiling module xil_defaultlib.ControlUnit
Compiling module xil_defaultlib.DataMemory
Compiling module xil_defaultlib.InstructionMemory
Compiling module xil_defaultlib.RegisterFile
Compiling module xil_defaultlib.SignZeroExtend
Compiling module xil_defaultlib.MonoCycleCPU
Compiling module xil_defaultlib.test
Compiling module xil_defaultlib.glbl
Built simulation snapshot test_behav

****** Webtalk v2016.3 (64-bit)
  **** SW Build 1682563 on Mon Oct 10 19:07:27 MDT 2016
  **** IP Build 1681267 on Mon Oct 10 21:28:31 MDT 2016
    ** Copyright 1986-2016 Xilinx, Inc. All Rights Reserved.

source C:/Users/admin/Desktop/CPU/MonoCycleCPU/MonoCycleCPU.sim/sim_1/behav/xsim.dir/test_behav/webtalk/xsim_webtalk.tcl -notrace
INFO: [Common 17-186] 'C:/Users/admin/Desktop/CPU/MonoCycleCPU/MonoCycleCPU.sim/sim_1/behav/xsim.dir/test_behav/webtalk/usage_statistics_ext_xsim.xml' has been successfully sent to Xilinx on Thu May 24 16:38:07 2018. For additional details about this file, please refer to the WebTalk help file at D:/Vivado/Vivado/2016.3/doc/webtalk_introduction.html.
INFO: [Common 17-206] Exiting Webtalk at Thu May 24 16:38:07 2018...
run_program: Time (s): cpu = 00:00:00 ; elapsed = 00:00:16 . Memory (MB): peak = 906.563 ; gain = 0.000
INFO: [USF-XSim-69] 'elaborate' step finished in '16' seconds
INFO: [USF-XSim-4] XSim::Simulate design
INFO: [USF-XSim-61] Executing 'SIMULATE' step in 'C:/Users/admin/Desktop/CPU/MonoCycleCPU/MonoCycleCPU.sim/sim_1/behav'
INFO: [USF-XSim-98] *** Running xsim
   with args "test_behav -key {Behavioral:sim_1:Functional:test} -tclbatch {test.tcl} -log {simulate.log}"
INFO: [USF-XSim-8] Loading simulator feature
Vivado Simulator 2016.3
Time resolution is 1 ps
source test.tcl
# set curr_wave [current_wave_config]
# if { [string length $curr_wave] == 0 } {
#   if { [llength [get_objects]] > 0} {
#     add_wave /
#     set_property needs_save false [current_wave_config]
#   } else {
#      send_msg_id Add_Wave-1 WARNING "No top level signals found. Simulator will start without a wave window. If you want to open a wave window go to 'File->New Waveform Configuration' or type 'create_wave_config' in the TCL console."
#   }
# }
# run 1000ns
INFO: [USF-XSim-96] XSim completed. Design snapshot 'test_behav' loaded.
INFO: [USF-XSim-97] XSim simulation ran for 1000ns
launch_simulation: Time (s): cpu = 00:00:02 ; elapsed = 00:00:27 . Memory (MB): peak = 906.563 ; gain = 0.000
restart
INFO: [Simtcl 6-17] Simulation restarted
run 100 ns
run 100 ns
run 100 ns
run 100 ns
run 100 ns
run 100 ns
run 100 ns
run 100 ns
run 100 ns
run 100 ns
run 100 ns
run 100 ns
close_sim
INFO: [Simtcl 6-16] Simulation closed
close_sim: Time (s): cpu = 00:00:01 ; elapsed = 00:00:09 . Memory (MB): peak = 906.563 ; gain = 0.000
exit
INFO: [Common 17-206] Exiting Vivado at Thu May 24 17:25:32 2018...
